[0.501s] [34mcolcon[0m [1;30mDEBUG[0m [32mCommand line arguments: ['/usr/bin/colcon', 'build'][0m
[0.502s] [34mcolcon[0m [1;30mDEBUG[0m [32mParsed command line arguments: Namespace(log_base=None, log_level=None, verb_name='build', build_base='build', install_base='install', merge_install=False, symlink_install=False, test_result_base=None, continue_on_error=False, executor='parallel', parallel_workers=32, event_handlers=None, ignore_user_meta=False, metas=['./colcon.meta'], base_paths=['.'], packages_ignore=None, packages_ignore_regex=None, paths=None, packages_up_to=None, packages_up_to_regex=None, packages_above=None, packages_above_and_dependencies=None, packages_above_depth=None, packages_select_by_dep=None, packages_skip_by_dep=None, packages_skip_up_to=None, packages_select_build_failed=False, packages_skip_build_finished=False, packages_select_test_failures=False, packages_skip_test_passed=False, packages_select=None, packages_skip=None, packages_select_regex=None, packages_skip_regex=None, packages_start=None, packages_end=None, allow_overriding=[], cmake_args=None, cmake_target=None, cmake_target_skip_unavailable=False, cmake_clean_cache=False, cmake_clean_first=False, cmake_force_configure=False, ament_cmake_args=None, catkin_cmake_args=None, catkin_skip_building_tests=False, verb_parser=<colcon_defaults.argument_parser.defaults.DefaultArgumentsDecorator object at 0x7f8b74b7ca00>, verb_extension=<colcon_core.verb.build.BuildVerb object at 0x7f8b74b7c490>, main=<bound method BuildVerb.main of <colcon_core.verb.build.BuildVerb object at 0x7f8b74b7c490>>)[0m
[0.600s] [34mcolcon.colcon_core.package_discovery[0m [1;30mLevel 1[0m discover_packages(colcon_meta) check parameters
[0.601s] [34mcolcon.colcon_core.package_discovery[0m [1;30mLevel 1[0m discover_packages(recursive) check parameters
[0.602s] [34mcolcon.colcon_core.package_discovery[0m [1;30mLevel 1[0m discover_packages(ignore) check parameters
[0.603s] [34mcolcon.colcon_core.package_discovery[0m [1;30mLevel 1[0m discover_packages(path) check parameters
[0.603s] [34mcolcon.colcon_core.package_discovery[0m [1;30mLevel 1[0m discover_packages(colcon_meta) discover
[0.604s] [34mcolcon.colcon_core.package_discovery[0m [1;30mLevel 1[0m discover_packages(recursive) discover
[0.605s] [34mcolcon.colcon_core.package_discovery[0m [1;30mINFO[0m Crawling recursively for packages in '/mnt/h/Robots/Bipeds/Shadow/Repo/Dropbear/Sim/RViz/detailed_urdf'
[0.608s] [34mcolcon.colcon_core.package_identification[0m [1;30mLevel 1[0m _identify(.) by extensions ['ignore', 'ignore_ament_install']
[0.609s] [34mcolcon.colcon_core.package_identification[0m [1;30mLevel 1[0m _identify(.) by extension 'ignore'
[0.610s] [34mcolcon.colcon_core.package_identification[0m [1;30mLevel 1[0m _identify(.) by extension 'ignore_ament_install'
[0.611s] [34mcolcon.colcon_core.package_identification[0m [1;30mLevel 1[0m _identify(.) by extensions ['colcon_pkg']
[0.611s] [34mcolcon.colcon_core.package_identification[0m [1;30mLevel 1[0m _identify(.) by extension 'colcon_pkg'
[0.612s] [34mcolcon.colcon_core.package_identification[0m [1;30mLevel 1[0m _identify(.) by extensions ['colcon_meta']
[0.613s] [34mcolcon.colcon_core.package_identification[0m [1;30mLevel 1[0m _identify(.) by extension 'colcon_meta'
[0.613s] [34mcolcon.colcon_core.package_identification[0m [1;30mLevel 1[0m _identify(.) by extensions ['ros']
[0.614s] [34mcolcon.colcon_core.package_identification[0m [1;30mLevel 1[0m _identify(.) by extension 'ros'
[0.626s] [34mcolcon.colcon_core.package_identification[0m [1;30mLevel 1[0m _identify(.) by extensions ['cmake', 'python']
[0.626s] [34mcolcon.colcon_core.package_identification[0m [1;30mLevel 1[0m _identify(.) by extension 'cmake'
[0.627s] [34mcolcon.colcon_core.package_identification[0m [1;30mLevel 1[0m _identify(.) by extension 'python'
[0.628s] [34mcolcon.colcon_core.package_identification[0m [1;30mLevel 1[0m _identify(.) by extensions ['python_setup_py']
[0.628s] [34mcolcon.colcon_core.package_identification[0m [1;30mLevel 1[0m _identify(.) by extension 'python_setup_py'
[0.634s] [34mcolcon.colcon_core.package_identification[0m [1;30mLevel 1[0m _identify(build) by extensions ['ignore', 'ignore_ament_install']
[0.634s] [34mcolcon.colcon_core.package_identification[0m [1;30mLevel 1[0m _identify(build) by extension 'ignore'
[0.637s] [34mcolcon.colcon_core.package_identification[0m [1;30mLevel 1[0m _identify(build) ignored
[0.641s] [34mcolcon.colcon_core.package_identification[0m [1;30mLevel 1[0m _identify(install) by extensions ['ignore', 'ignore_ament_install']
[0.642s] [34mcolcon.colcon_core.package_identification[0m [1;30mLevel 1[0m _identify(install) by extension 'ignore'
[0.644s] [34mcolcon.colcon_core.package_identification[0m [1;30mLevel 1[0m _identify(install) ignored
[0.647s] [34mcolcon.colcon_core.package_identification[0m [1;30mLevel 1[0m _identify(log) by extensions ['ignore', 'ignore_ament_install']
[0.647s] [34mcolcon.colcon_core.package_identification[0m [1;30mLevel 1[0m _identify(log) by extension 'ignore'
[0.648s] [34mcolcon.colcon_core.package_identification[0m [1;30mLevel 1[0m _identify(log) ignored
[0.651s] [34mcolcon.colcon_core.package_identification[0m [1;30mLevel 1[0m _identify(src) by extensions ['ignore', 'ignore_ament_install']
[0.651s] [34mcolcon.colcon_core.package_identification[0m [1;30mLevel 1[0m _identify(src) by extension 'ignore'
[0.653s] [34mcolcon.colcon_core.package_identification[0m [1;30mLevel 1[0m _identify(src) by extension 'ignore_ament_install'
[0.655s] [34mcolcon.colcon_core.package_identification[0m [1;30mLevel 1[0m _identify(src) by extensions ['colcon_pkg']
[0.655s] [34mcolcon.colcon_core.package_identification[0m [1;30mLevel 1[0m _identify(src) by extension 'colcon_pkg'
[0.656s] [34mcolcon.colcon_core.package_identification[0m [1;30mLevel 1[0m _identify(src) by extensions ['colcon_meta']
[0.657s] [34mcolcon.colcon_core.package_identification[0m [1;30mLevel 1[0m _identify(src) by extension 'colcon_meta'
[0.658s] [34mcolcon.colcon_core.package_identification[0m [1;30mLevel 1[0m _identify(src) by extensions ['ros']
[0.658s] [34mcolcon.colcon_core.package_identification[0m [1;30mLevel 1[0m _identify(src) by extension 'ros'
[0.663s] [34mcolcon.colcon_core.package_identification[0m [1;30mLevel 1[0m _identify(src) by extensions ['cmake', 'python']
[0.663s] [34mcolcon.colcon_core.package_identification[0m [1;30mLevel 1[0m _identify(src) by extension 'cmake'
[0.665s] [34mcolcon.colcon_core.package_identification[0m [1;30mLevel 1[0m _identify(src) by extension 'python'
[0.666s] [34mcolcon.colcon_core.package_identification[0m [1;30mLevel 1[0m _identify(src) by extensions ['python_setup_py']
[0.667s] [34mcolcon.colcon_core.package_identification[0m [1;30mLevel 1[0m _identify(src) by extension 'python_setup_py'
[0.674s] [34mcolcon.colcon_core.package_identification[0m [1;30mLevel 1[0m _identify(src/dropbear_detailed_urdf) by extensions ['ignore', 'ignore_ament_install']
[0.675s] [34mcolcon.colcon_core.package_identification[0m [1;30mLevel 1[0m _identify(src/dropbear_detailed_urdf) by extension 'ignore'
[0.677s] [34mcolcon.colcon_core.package_identification[0m [1;30mLevel 1[0m _identify(src/dropbear_detailed_urdf) by extension 'ignore_ament_install'
[0.682s] [34mcolcon.colcon_core.package_identification[0m [1;30mLevel 1[0m _identify(src/dropbear_detailed_urdf) by extensions ['colcon_pkg']
[0.683s] [34mcolcon.colcon_core.package_identification[0m [1;30mLevel 1[0m _identify(src/dropbear_detailed_urdf) by extension 'colcon_pkg'
[0.685s] [34mcolcon.colcon_core.package_identification[0m [1;30mLevel 1[0m _identify(src/dropbear_detailed_urdf) by extensions ['colcon_meta']
[0.685s] [34mcolcon.colcon_core.package_identification[0m [1;30mLevel 1[0m _identify(src/dropbear_detailed_urdf) by extension 'colcon_meta'
[0.688s] [34mcolcon.colcon_core.package_identification[0m [1;30mLevel 1[0m _identify(src/dropbear_detailed_urdf) by extensions ['ros']
[0.688s] [34mcolcon.colcon_core.package_identification[0m [1;30mLevel 1[0m _identify(src/dropbear_detailed_urdf) by extension 'ros'
[0.709s] [34mcolcon.colcon_core.package_identification[0m [1;30mDEBUG[0m [32mPackage 'src/dropbear_detailed_urdf' with type 'ros.ament_cmake' and name 'dropbear_detailed_urdf'[0m
[0.709s] [34mcolcon.colcon_core.package_discovery[0m [1;30mLevel 1[0m discover_packages(recursive) using defaults
[0.710s] [34mcolcon.colcon_core.package_discovery[0m [1;30mLevel 1[0m discover_packages(ignore) discover
[0.710s] [34mcolcon.colcon_core.package_discovery[0m [1;30mLevel 1[0m discover_packages(ignore) using defaults
[0.711s] [34mcolcon.colcon_core.package_discovery[0m [1;30mLevel 1[0m discover_packages(path) discover
[0.711s] [34mcolcon.colcon_core.package_discovery[0m [1;30mLevel 1[0m discover_packages(path) using defaults
[0.732s] [34mcolcon.colcon_core.package_discovery[0m [1;30mLevel 1[0m discover_packages(prefix_path) check parameters
[0.733s] [34mcolcon.colcon_core.package_discovery[0m [1;30mLevel 1[0m discover_packages(prefix_path) discover
[0.736s] [34mcolcon.colcon_installed_package_information.package_discovery[0m [1;30mDEBUG[0m [32mFound 1 installed packages in /home/gateway/ros_ws/install[0m
[0.737s] [34mcolcon.colcon_installed_package_information.package_discovery[0m [1;30mDEBUG[0m [32mFound 317 installed packages in /opt/ros/humble[0m
[0.738s] [34mcolcon.colcon_core.package_discovery[0m [1;30mLevel 1[0m discover_packages(prefix_path) using defaults
[0.768s] [34mcolcon.colcon_core.verb[0m [1;30mLevel 5[0m set package 'dropbear_detailed_urdf' build argument 'cmake_args' from command line to 'None'
[0.769s] [34mcolcon.colcon_core.verb[0m [1;30mLevel 5[0m set package 'dropbear_detailed_urdf' build argument 'cmake_target' from command line to 'None'
[0.769s] [34mcolcon.colcon_core.verb[0m [1;30mLevel 5[0m set package 'dropbear_detailed_urdf' build argument 'cmake_target_skip_unavailable' from command line to 'False'
[0.770s] [34mcolcon.colcon_core.verb[0m [1;30mLevel 5[0m set package 'dropbear_detailed_urdf' build argument 'cmake_clean_cache' from command line to 'False'
[0.771s] [34mcolcon.colcon_core.verb[0m [1;30mLevel 5[0m set package 'dropbear_detailed_urdf' build argument 'cmake_clean_first' from command line to 'False'
[0.772s] [34mcolcon.colcon_core.verb[0m [1;30mLevel 5[0m set package 'dropbear_detailed_urdf' build argument 'cmake_force_configure' from command line to 'False'
[0.773s] [34mcolcon.colcon_core.verb[0m [1;30mLevel 5[0m set package 'dropbear_detailed_urdf' build argument 'ament_cmake_args' from command line to 'None'
[0.774s] [34mcolcon.colcon_core.verb[0m [1;30mLevel 5[0m set package 'dropbear_detailed_urdf' build argument 'catkin_cmake_args' from command line to 'None'
[0.775s] [34mcolcon.colcon_core.verb[0m [1;30mLevel 5[0m set package 'dropbear_detailed_urdf' build argument 'catkin_skip_building_tests' from command line to 'False'
[0.776s] [34mcolcon.colcon_core.verb[0m [1;30mDEBUG[0m [32mBuilding package 'dropbear_detailed_urdf' with the following arguments: {'ament_cmake_args': None, 'build_base': '/mnt/h/Robots/Bipeds/Shadow/Repo/Dropbear/Sim/RViz/detailed_urdf/build/dropbear_detailed_urdf', 'catkin_cmake_args': None, 'catkin_skip_building_tests': False, 'cmake_args': None, 'cmake_clean_cache': False, 'cmake_clean_first': False, 'cmake_force_configure': False, 'cmake_target': None, 'cmake_target_skip_unavailable': False, 'install_base': '/mnt/h/Robots/Bipeds/Shadow/Repo/Dropbear/Sim/RViz/detailed_urdf/install/dropbear_detailed_urdf', 'merge_install': False, 'path': '/mnt/h/Robots/Bipeds/Shadow/Repo/Dropbear/Sim/RViz/detailed_urdf/src/dropbear_detailed_urdf', 'symlink_install': False, 'test_result_base': None}[0m
[0.777s] [34mcolcon.colcon_core.executor[0m [1;30mINFO[0m Executing jobs using 'parallel' executor
[0.779s] [34mcolcon.colcon_parallel_executor.executor.parallel[0m [1;30mDEBUG[0m [32mrun_until_complete[0m
[0.780s] [34mcolcon.colcon_ros.task.ament_cmake.build[0m [1;30mINFO[0m Building ROS package in '/mnt/h/Robots/Bipeds/Shadow/Repo/Dropbear/Sim/RViz/detailed_urdf/src/dropbear_detailed_urdf' with build type 'ament_cmake'
[0.781s] [34mcolcon.colcon_cmake.task.cmake.build[0m [1;30mINFO[0m Building CMake package in '/mnt/h/Robots/Bipeds/Shadow/Repo/Dropbear/Sim/RViz/detailed_urdf/src/dropbear_detailed_urdf'
[0.789s] [34mcolcon.colcon_core.plugin_system[0m [1;30mINFO[0m Skipping extension 'colcon_core.shell.bat': Not used on non-Windows systems
[0.790s] [34mcolcon.colcon_core.shell[0m [1;30mINFO[0m Skip shell extension 'powershell' for command environment: Not usable outside of PowerShell
[0.790s] [34mcolcon.colcon_core.shell[0m [1;30mDEBUG[0m [32mSkip shell extension 'dsv' for command environment[0m
[0.877s] [34mcolcon.colcon_core.event_handler.log_command[0m [1;30mDEBUG[0m [32mInvoking command in '/mnt/h/Robots/Bipeds/Shadow/Repo/Dropbear/Sim/RViz/detailed_urdf/build/dropbear_detailed_urdf': CMAKE_PREFIX_PATH=${CMAKE_PREFIX_PATH}:/opt/ros/humble CONDA_PROMPT_MODIFIER=(ros) /usr/bin/cmake --build /mnt/h/Robots/Bipeds/Shadow/Repo/Dropbear/Sim/RViz/detailed_urdf/build/dropbear_detailed_urdf -- -j32 -l32[0m
[1.153s] [34mcolcon.colcon_core.event_handler.log_command[0m [1;30mDEBUG[0m [32mInvoked command in '/mnt/h/Robots/Bipeds/Shadow/Repo/Dropbear/Sim/RViz/detailed_urdf/build/dropbear_detailed_urdf' returned '0': CMAKE_PREFIX_PATH=${CMAKE_PREFIX_PATH}:/opt/ros/humble CONDA_PROMPT_MODIFIER=(ros) /usr/bin/cmake --build /mnt/h/Robots/Bipeds/Shadow/Repo/Dropbear/Sim/RViz/detailed_urdf/build/dropbear_detailed_urdf -- -j32 -l32[0m
[1.199s] [34mcolcon.colcon_core.event_handler.log_command[0m [1;30mDEBUG[0m [32mInvoking command in '/mnt/h/Robots/Bipeds/Shadow/Repo/Dropbear/Sim/RViz/detailed_urdf/build/dropbear_detailed_urdf': CMAKE_PREFIX_PATH=${CMAKE_PREFIX_PATH}:/opt/ros/humble CONDA_PROMPT_MODIFIER=(ros) /usr/bin/cmake --install /mnt/h/Robots/Bipeds/Shadow/Repo/Dropbear/Sim/RViz/detailed_urdf/build/dropbear_detailed_urdf[0m
[1.227s] [34mcolcon.colcon_core.environment[0m [1;30mLevel 1[0m create_environment_scripts_only(dropbear_detailed_urdf)
[1.234s] [34mcolcon.colcon_core.environment[0m [1;30mLevel 1[0m checking '/mnt/h/Robots/Bipeds/Shadow/Repo/Dropbear/Sim/RViz/detailed_urdf/install/dropbear_detailed_urdf' for CMake module files
[1.364s] [34mcolcon.colcon_core.environment[0m [1;30mLevel 1[0m checking '/mnt/h/Robots/Bipeds/Shadow/Repo/Dropbear/Sim/RViz/detailed_urdf/install/dropbear_detailed_urdf' for CMake config files
[1.445s] [34mcolcon.colcon_core.shell[0m [1;30mLevel 1[0m create_environment_hook('dropbear_detailed_urdf', 'cmake_prefix_path')
[1.446s] [34mcolcon.colcon_core.shell[0m [1;30mINFO[0m Creating environment hook '/mnt/h/Robots/Bipeds/Shadow/Repo/Dropbear/Sim/RViz/detailed_urdf/install/dropbear_detailed_urdf/share/dropbear_detailed_urdf/hook/cmake_prefix_path.ps1'
[1.467s] [34mcolcon.colcon_core.shell[0m [1;30mINFO[0m Creating environment descriptor '/mnt/h/Robots/Bipeds/Shadow/Repo/Dropbear/Sim/RViz/detailed_urdf/install/dropbear_detailed_urdf/share/dropbear_detailed_urdf/hook/cmake_prefix_path.dsv'
[1.489s] [34mcolcon.colcon_core.shell[0m [1;30mINFO[0m Creating environment hook '/mnt/h/Robots/Bipeds/Shadow/Repo/Dropbear/Sim/RViz/detailed_urdf/install/dropbear_detailed_urdf/share/dropbear_detailed_urdf/hook/cmake_prefix_path.sh'
[1.516s] [34mcolcon.colcon_core.environment[0m [1;30mLevel 1[0m checking '/mnt/h/Robots/Bipeds/Shadow/Repo/Dropbear/Sim/RViz/detailed_urdf/install/dropbear_detailed_urdf/bin'
[1.518s] [34mcolcon.colcon_core.environment[0m [1;30mLevel 1[0m checking '/mnt/h/Robots/Bipeds/Shadow/Repo/Dropbear/Sim/RViz/detailed_urdf/install/dropbear_detailed_urdf/lib/pkgconfig/dropbear_detailed_urdf.pc'
[1.520s] [34mcolcon.colcon_core.environment[0m [1;30mLevel 1[0m checking '/mnt/h/Robots/Bipeds/Shadow/Repo/Dropbear/Sim/RViz/detailed_urdf/install/dropbear_detailed_urdf/lib/python3.10/site-packages'
[1.522s] [34mcolcon.colcon_core.environment[0m [1;30mLevel 1[0m checking '/mnt/h/Robots/Bipeds/Shadow/Repo/Dropbear/Sim/RViz/detailed_urdf/install/dropbear_detailed_urdf/bin'
[1.524s] [34mcolcon.colcon_core.shell[0m [1;30mINFO[0m Creating package script '/mnt/h/Robots/Bipeds/Shadow/Repo/Dropbear/Sim/RViz/detailed_urdf/install/dropbear_detailed_urdf/share/dropbear_detailed_urdf/package.ps1'
[1.542s] [34mcolcon.colcon_core.shell[0m [1;30mINFO[0m Creating package descriptor '/mnt/h/Robots/Bipeds/Shadow/Repo/Dropbear/Sim/RViz/detailed_urdf/install/dropbear_detailed_urdf/share/dropbear_detailed_urdf/package.dsv'
[1.560s] [34mcolcon.colcon_core.shell[0m [1;30mINFO[0m Creating package script '/mnt/h/Robots/Bipeds/Shadow/Repo/Dropbear/Sim/RViz/detailed_urdf/install/dropbear_detailed_urdf/share/dropbear_detailed_urdf/package.sh'
[1.579s] [34mcolcon.colcon_core.shell[0m [1;30mINFO[0m Creating package script '/mnt/h/Robots/Bipeds/Shadow/Repo/Dropbear/Sim/RViz/detailed_urdf/install/dropbear_detailed_urdf/share/dropbear_detailed_urdf/package.bash'
[1.598s] [34mcolcon.colcon_core.shell[0m [1;30mINFO[0m Creating package script '/mnt/h/Robots/Bipeds/Shadow/Repo/Dropbear/Sim/RViz/detailed_urdf/install/dropbear_detailed_urdf/share/dropbear_detailed_urdf/package.zsh'
[1.615s] [34mcolcon.colcon_core.environment[0m [1;30mLevel 1[0m create_file_with_runtime_dependencies(/mnt/h/Robots/Bipeds/Shadow/Repo/Dropbear/Sim/RViz/detailed_urdf/install/dropbear_detailed_urdf/share/colcon-core/packages/dropbear_detailed_urdf)
[1.675s] [34mcolcon.colcon_core.environment[0m [1;30mLevel 1[0m create_environment_scripts_only(dropbear_detailed_urdf)
[1.675s] [34mcolcon.colcon_core.environment[0m [1;30mLevel 1[0m checking '/mnt/h/Robots/Bipeds/Shadow/Repo/Dropbear/Sim/RViz/detailed_urdf/install/dropbear_detailed_urdf' for CMake module files
[1.805s] [34mcolcon.colcon_core.environment[0m [1;30mLevel 1[0m checking '/mnt/h/Robots/Bipeds/Shadow/Repo/Dropbear/Sim/RViz/detailed_urdf/install/dropbear_detailed_urdf' for CMake config files
[1.888s] [34mcolcon.colcon_core.shell[0m [1;30mLevel 1[0m create_environment_hook('dropbear_detailed_urdf', 'cmake_prefix_path')
[1.888s] [34mcolcon.colcon_core.shell[0m [1;30mINFO[0m Creating environment hook '/mnt/h/Robots/Bipeds/Shadow/Repo/Dropbear/Sim/RViz/detailed_urdf/install/dropbear_detailed_urdf/share/dropbear_detailed_urdf/hook/cmake_prefix_path.ps1'
[1.910s] [34mcolcon.colcon_core.shell[0m [1;30mINFO[0m Creating environment descriptor '/mnt/h/Robots/Bipeds/Shadow/Repo/Dropbear/Sim/RViz/detailed_urdf/install/dropbear_detailed_urdf/share/dropbear_detailed_urdf/hook/cmake_prefix_path.dsv'
[1.934s] [34mcolcon.colcon_core.shell[0m [1;30mINFO[0m Creating environment hook '/mnt/h/Robots/Bipeds/Shadow/Repo/Dropbear/Sim/RViz/detailed_urdf/install/dropbear_detailed_urdf/share/dropbear_detailed_urdf/hook/cmake_prefix_path.sh'
[1.959s] [34mcolcon.colcon_core.environment[0m [1;30mLevel 1[0m checking '/mnt/h/Robots/Bipeds/Shadow/Repo/Dropbear/Sim/RViz/detailed_urdf/install/dropbear_detailed_urdf/bin'
[1.962s] [34mcolcon.colcon_core.environment[0m [1;30mLevel 1[0m checking '/mnt/h/Robots/Bipeds/Shadow/Repo/Dropbear/Sim/RViz/detailed_urdf/install/dropbear_detailed_urdf/lib/pkgconfig/dropbear_detailed_urdf.pc'
[1.964s] [34mcolcon.colcon_core.environment[0m [1;30mLevel 1[0m checking '/mnt/h/Robots/Bipeds/Shadow/Repo/Dropbear/Sim/RViz/detailed_urdf/install/dropbear_detailed_urdf/lib/python3.10/site-packages'
[1.967s] [34mcolcon.colcon_core.environment[0m [1;30mLevel 1[0m checking '/mnt/h/Robots/Bipeds/Shadow/Repo/Dropbear/Sim/RViz/detailed_urdf/install/dropbear_detailed_urdf/bin'
[1.969s] [34mcolcon.colcon_core.shell[0m [1;30mINFO[0m Creating package script '/mnt/h/Robots/Bipeds/Shadow/Repo/Dropbear/Sim/RViz/detailed_urdf/install/dropbear_detailed_urdf/share/dropbear_detailed_urdf/package.ps1'
[1.990s] [34mcolcon.colcon_core.shell[0m [1;30mINFO[0m Creating package descriptor '/mnt/h/Robots/Bipeds/Shadow/Repo/Dropbear/Sim/RViz/detailed_urdf/install/dropbear_detailed_urdf/share/dropbear_detailed_urdf/package.dsv'
[2.008s] [34mcolcon.colcon_core.shell[0m [1;30mINFO[0m Creating package script '/mnt/h/Robots/Bipeds/Shadow/Repo/Dropbear/Sim/RViz/detailed_urdf/install/dropbear_detailed_urdf/share/dropbear_detailed_urdf/package.sh'
[2.025s] [34mcolcon.colcon_core.shell[0m [1;30mINFO[0m Creating package script '/mnt/h/Robots/Bipeds/Shadow/Repo/Dropbear/Sim/RViz/detailed_urdf/install/dropbear_detailed_urdf/share/dropbear_detailed_urdf/package.bash'
[2.041s] [34mcolcon.colcon_core.shell[0m [1;30mINFO[0m Creating package script '/mnt/h/Robots/Bipeds/Shadow/Repo/Dropbear/Sim/RViz/detailed_urdf/install/dropbear_detailed_urdf/share/dropbear_detailed_urdf/package.zsh'
[2.058s] [34mcolcon.colcon_core.environment[0m [1;30mLevel 1[0m create_file_with_runtime_dependencies(/mnt/h/Robots/Bipeds/Shadow/Repo/Dropbear/Sim/RViz/detailed_urdf/install/dropbear_detailed_urdf/share/colcon-core/packages/dropbear_detailed_urdf)
[2.070s] [34mcolcon.colcon_parallel_executor.executor.parallel[0m [1;30mDEBUG[0m [32mclosing loop[0m
[2.071s] [34mcolcon.colcon_parallel_executor.executor.parallel[0m [1;30mDEBUG[0m [32mloop closed[0m
[2.071s] [34mcolcon.colcon_parallel_executor.executor.parallel[0m [1;30mDEBUG[0m [32mrun_until_complete finished with '0'[0m
[2.071s] [34mcolcon.colcon_core.event_reactor[0m [1;30mDEBUG[0m [32mjoining thread[0m
[3.858s] [34mcolcon.colcon_core.event_handler.log_command[0m [1;30mDEBUG[0m [32mInvoked command in '/mnt/h/Robots/Bipeds/Shadow/Repo/Dropbear/Sim/RViz/detailed_urdf/build/dropbear_detailed_urdf' returned '0': CMAKE_PREFIX_PATH=${CMAKE_PREFIX_PATH}:/opt/ros/humble CONDA_PROMPT_MODIFIER=(ros) /usr/bin/cmake --install /mnt/h/Robots/Bipeds/Shadow/Repo/Dropbear/Sim/RViz/detailed_urdf/build/dropbear_detailed_urdf[0m
[3.998s] [34mcolcon.colcon_core.plugin_system[0m [1;30mINFO[0m Skipping extension 'colcon_notification.desktop_notification.notify_send': Could not find 'notify-send'
[3.999s] [34mcolcon.colcon_core.plugin_system[0m [1;30mINFO[0m Skipping extension 'colcon_notification.desktop_notification.terminal_notifier': Not used on non-Darwin systems
[3.999s] [34mcolcon.colcon_core.plugin_system[0m [1;30mINFO[0m Skipping extension 'colcon_notification.desktop_notification.win32': Not used on non-Windows systems
[4.000s] [34mcolcon.colcon_notification.desktop_notification[0m [1;30mINFO[0m Sending desktop notification using 'notify2'
[4.004s] [34mcolcon.colcon_notification.desktop_notification.notify2[0m [1;30mDEBUG[0m [32mFailed to initialize notify2: org.freedesktop.DBus.Error.ServiceUnknown: The name org.freedesktop.Notifications was not provided by any .service files[0m
[4.005s] [34mcolcon.colcon_core.event_reactor[0m [1;30mDEBUG[0m [32mjoined thread[0m
[4.005s] [34mcolcon.colcon_core.shell[0m [1;30mINFO[0m Creating prefix script '/mnt/h/Robots/Bipeds/Shadow/Repo/Dropbear/Sim/RViz/detailed_urdf/install/local_setup.ps1'
[4.012s] [34mcolcon.colcon_core.shell[0m [1;30mINFO[0m Creating prefix util module '/mnt/h/Robots/Bipeds/Shadow/Repo/Dropbear/Sim/RViz/detailed_urdf/install/_local_setup_util_ps1.py'
[4.020s] [34mcolcon.colcon_core.shell[0m [1;30mINFO[0m Creating prefix chain script '/mnt/h/Robots/Bipeds/Shadow/Repo/Dropbear/Sim/RViz/detailed_urdf/install/setup.ps1'
[4.027s] [34mcolcon.colcon_core.shell[0m [1;30mINFO[0m Creating prefix script '/mnt/h/Robots/Bipeds/Shadow/Repo/Dropbear/Sim/RViz/detailed_urdf/install/local_setup.sh'
[4.035s] [34mcolcon.colcon_core.shell[0m [1;30mINFO[0m Creating prefix util module '/mnt/h/Robots/Bipeds/Shadow/Repo/Dropbear/Sim/RViz/detailed_urdf/install/_local_setup_util_sh.py'
[4.043s] [34mcolcon.colcon_core.shell[0m [1;30mINFO[0m Creating prefix chain script '/mnt/h/Robots/Bipeds/Shadow/Repo/Dropbear/Sim/RViz/detailed_urdf/install/setup.sh'
[4.053s] [34mcolcon.colcon_core.shell[0m [1;30mINFO[0m Creating prefix script '/mnt/h/Robots/Bipeds/Shadow/Repo/Dropbear/Sim/RViz/detailed_urdf/install/local_setup.bash'
[4.063s] [34mcolcon.colcon_core.shell[0m [1;30mINFO[0m Creating prefix chain script '/mnt/h/Robots/Bipeds/Shadow/Repo/Dropbear/Sim/RViz/detailed_urdf/install/setup.bash'
[4.074s] [34mcolcon.colcon_core.shell[0m [1;30mINFO[0m Creating prefix script '/mnt/h/Robots/Bipeds/Shadow/Repo/Dropbear/Sim/RViz/detailed_urdf/install/local_setup.zsh'
[4.084s] [34mcolcon.colcon_core.shell[0m [1;30mINFO[0m Creating prefix chain script '/mnt/h/Robots/Bipeds/Shadow/Repo/Dropbear/Sim/RViz/detailed_urdf/install/setup.zsh'
