[7.881s] [34mcolcon[0m [1;30mDEBUG[0m [32mCommand line arguments: ['/usr/bin/colcon', 'build'][0m
[7.881s] [34mcolcon[0m [1;30mDEBUG[0m [32mParsed command line arguments: Namespace(log_base=None, log_level=None, verb_name='build', build_base='build', install_base='install', merge_install=False, symlink_install=False, test_result_base=None, continue_on_error=False, executor='parallel', parallel_workers=32, event_handlers=None, ignore_user_meta=False, metas=['./colcon.meta'], base_paths=['.'], packages_ignore=None, packages_ignore_regex=None, paths=None, packages_up_to=None, packages_up_to_regex=None, packages_above=None, packages_above_and_dependencies=None, packages_above_depth=None, packages_select_by_dep=None, packages_skip_by_dep=None, packages_skip_up_to=None, packages_select_build_failed=False, packages_skip_build_finished=False, packages_select_test_failures=False, packages_skip_test_passed=False, packages_select=None, packages_skip=None, packages_select_regex=None, packages_skip_regex=None, packages_start=None, packages_end=None, allow_overriding=[], cmake_args=None, cmake_target=None, cmake_target_skip_unavailable=False, cmake_clean_cache=False, cmake_clean_first=False, cmake_force_configure=False, ament_cmake_args=None, catkin_cmake_args=None, catkin_skip_building_tests=False, verb_parser=<colcon_defaults.argument_parser.defaults.DefaultArgumentsDecorator object at 0x7fb5278566e0>, verb_extension=<colcon_core.verb.build.BuildVerb object at 0x7fb527855600>, main=<bound method BuildVerb.main of <colcon_core.verb.build.BuildVerb object at 0x7fb527855600>>)[0m
[8.558s] [34mcolcon.colcon_core.package_discovery[0m [1;30mLevel 1[0m discover_packages(colcon_meta) check parameters
[8.558s] [34mcolcon.colcon_core.package_discovery[0m [1;30mLevel 1[0m discover_packages(recursive) check parameters
[8.558s] [34mcolcon.colcon_core.package_discovery[0m [1;30mLevel 1[0m discover_packages(ignore) check parameters
[8.558s] [34mcolcon.colcon_core.package_discovery[0m [1;30mLevel 1[0m discover_packages(path) check parameters
[8.558s] [34mcolcon.colcon_core.package_discovery[0m [1;30mLevel 1[0m discover_packages(colcon_meta) discover
[8.558s] [34mcolcon.colcon_core.package_discovery[0m [1;30mLevel 1[0m discover_packages(recursive) discover
[8.558s] [34mcolcon.colcon_core.package_discovery[0m [1;30mINFO[0m Crawling recursively for packages in '/home/gateway/dropbear-humanoid-robot/dropbear'
[8.559s] [34mcolcon.colcon_core.package_identification[0m [1;30mLevel 1[0m _identify(.) by extensions ['ignore', 'ignore_ament_install']
[8.559s] [34mcolcon.colcon_core.package_identification[0m [1;30mLevel 1[0m _identify(.) by extension 'ignore'
[8.559s] [34mcolcon.colcon_core.package_identification[0m [1;30mLevel 1[0m _identify(.) by extension 'ignore_ament_install'
[8.559s] [34mcolcon.colcon_core.package_identification[0m [1;30mLevel 1[0m _identify(.) by extensions ['colcon_pkg']
[8.559s] [34mcolcon.colcon_core.package_identification[0m [1;30mLevel 1[0m _identify(.) by extension 'colcon_pkg'
[8.559s] [34mcolcon.colcon_core.package_identification[0m [1;30mLevel 1[0m _identify(.) by extensions ['colcon_meta']
[8.559s] [34mcolcon.colcon_core.package_identification[0m [1;30mLevel 1[0m _identify(.) by extension 'colcon_meta'
[8.559s] [34mcolcon.colcon_core.package_identification[0m [1;30mLevel 1[0m _identify(.) by extensions ['ros']
[8.559s] [34mcolcon.colcon_core.package_identification[0m [1;30mLevel 1[0m _identify(.) by extension 'ros'
[8.662s] [34mcolcon.colcon_core.package_identification[0m [1;30mDEBUG[0m [32mPackage '.' with type 'ros.ament_cmake' and name 'dropbear'[0m
[8.662s] [34mcolcon.colcon_core.package_discovery[0m [1;30mLevel 1[0m discover_packages(recursive) using defaults
[8.662s] [34mcolcon.colcon_core.package_discovery[0m [1;30mLevel 1[0m discover_packages(ignore) discover
[8.662s] [34mcolcon.colcon_core.package_discovery[0m [1;30mLevel 1[0m discover_packages(ignore) using defaults
[8.662s] [34mcolcon.colcon_core.package_discovery[0m [1;30mLevel 1[0m discover_packages(path) discover
[8.662s] [34mcolcon.colcon_core.package_discovery[0m [1;30mLevel 1[0m discover_packages(path) using defaults
[8.827s] [34mcolcon.colcon_core.package_discovery[0m [1;30mLevel 1[0m discover_packages(prefix_path) check parameters
[8.828s] [34mcolcon.colcon_core.package_discovery[0m [1;30mLevel 1[0m discover_packages(prefix_path) discover
[8.870s] [34mcolcon.colcon_installed_package_information.package_discovery[0m [1;30mDEBUG[0m [32mFound 363 installed packages in /opt/ros/humble[0m
[8.873s] [34mcolcon.colcon_core.package_discovery[0m [1;30mLevel 1[0m discover_packages(prefix_path) using defaults
[8.936s] [34mcolcon.colcon_core.verb[0m [1;30mLevel 5[0m set package 'dropbear' build argument 'cmake_args' from command line to 'None'
[8.937s] [34mcolcon.colcon_core.verb[0m [1;30mLevel 5[0m set package 'dropbear' build argument 'cmake_target' from command line to 'None'
[8.937s] [34mcolcon.colcon_core.verb[0m [1;30mLevel 5[0m set package 'dropbear' build argument 'cmake_target_skip_unavailable' from command line to 'False'
[8.937s] [34mcolcon.colcon_core.verb[0m [1;30mLevel 5[0m set package 'dropbear' build argument 'cmake_clean_cache' from command line to 'False'
[8.937s] [34mcolcon.colcon_core.verb[0m [1;30mLevel 5[0m set package 'dropbear' build argument 'cmake_clean_first' from command line to 'False'
[8.937s] [34mcolcon.colcon_core.verb[0m [1;30mLevel 5[0m set package 'dropbear' build argument 'cmake_force_configure' from command line to 'False'
[8.937s] [34mcolcon.colcon_core.verb[0m [1;30mLevel 5[0m set package 'dropbear' build argument 'ament_cmake_args' from command line to 'None'
[8.937s] [34mcolcon.colcon_core.verb[0m [1;30mLevel 5[0m set package 'dropbear' build argument 'catkin_cmake_args' from command line to 'None'
[8.937s] [34mcolcon.colcon_core.verb[0m [1;30mLevel 5[0m set package 'dropbear' build argument 'catkin_skip_building_tests' from command line to 'False'
[8.937s] [34mcolcon.colcon_core.verb[0m [1;30mDEBUG[0m [32mBuilding package 'dropbear' with the following arguments: {'ament_cmake_args': None, 'build_base': '/home/gateway/dropbear-humanoid-robot/dropbear/build/dropbear', 'catkin_cmake_args': None, 'catkin_skip_building_tests': False, 'cmake_args': None, 'cmake_clean_cache': False, 'cmake_clean_first': False, 'cmake_force_configure': False, 'cmake_target': None, 'cmake_target_skip_unavailable': False, 'install_base': '/home/gateway/dropbear-humanoid-robot/dropbear/install/dropbear', 'merge_install': False, 'path': '/home/gateway/dropbear-humanoid-robot/dropbear', 'symlink_install': False, 'test_result_base': None}[0m
[8.937s] [34mcolcon.colcon_core.executor[0m [1;30mINFO[0m Executing jobs using 'parallel' executor
[8.939s] [34mcolcon.colcon_parallel_executor.executor.parallel[0m [1;30mDEBUG[0m [32mrun_until_complete[0m
[8.939s] [34mcolcon.colcon_ros.task.ament_cmake.build[0m [1;30mINFO[0m Building ROS package in '/home/gateway/dropbear-humanoid-robot/dropbear' with build type 'ament_cmake'
[8.939s] [34mcolcon.colcon_cmake.task.cmake.build[0m [1;30mINFO[0m Building CMake package in '/home/gateway/dropbear-humanoid-robot/dropbear'
[9.024s] [34mcolcon.colcon_core.plugin_system[0m [1;30mINFO[0m Skipping extension 'colcon_core.shell.bat': Not used on non-Windows systems
[9.024s] [34mcolcon.colcon_core.shell[0m [1;30mINFO[0m Skip shell extension 'powershell' for command environment: Not usable outside of PowerShell
[9.024s] [34mcolcon.colcon_core.shell[0m [1;30mDEBUG[0m [32mSkip shell extension 'dsv' for command environment[0m
[9.048s] [34mcolcon.colcon_core.event_handler.log_command[0m [1;30mDEBUG[0m [32mInvoking command in '/home/gateway/dropbear-humanoid-robot/dropbear/build/dropbear': CMAKE_PREFIX_PATH=/opt/ros/humble CONDA_PROMPT_MODIFIER=(ros) /usr/bin/cmake --build /home/gateway/dropbear-humanoid-robot/dropbear/build/dropbear -- -j32 -l32[0m
[9.792s] [34mcolcon.colcon_core.event_handler.log_command[0m [1;30mDEBUG[0m [32mInvoked command in '/home/gateway/dropbear-humanoid-robot/dropbear/build/dropbear' returned '0': CMAKE_PREFIX_PATH=/opt/ros/humble CONDA_PROMPT_MODIFIER=(ros) /usr/bin/cmake --build /home/gateway/dropbear-humanoid-robot/dropbear/build/dropbear -- -j32 -l32[0m
[9.831s] [34mcolcon.colcon_core.event_handler.log_command[0m [1;30mDEBUG[0m [32mInvoking command in '/home/gateway/dropbear-humanoid-robot/dropbear/build/dropbear': CMAKE_PREFIX_PATH=/opt/ros/humble CONDA_PROMPT_MODIFIER=(ros) /usr/bin/cmake --install /home/gateway/dropbear-humanoid-robot/dropbear/build/dropbear[0m
[10.018s] [34mcolcon.colcon_core.environment[0m [1;30mLevel 1[0m create_environment_scripts_only(dropbear)
[10.019s] [34mcolcon.colcon_core.event_handler.log_command[0m [1;30mDEBUG[0m [32mInvoked command in '/home/gateway/dropbear-humanoid-robot/dropbear/build/dropbear' returned '0': CMAKE_PREFIX_PATH=/opt/ros/humble CONDA_PROMPT_MODIFIER=(ros) /usr/bin/cmake --install /home/gateway/dropbear-humanoid-robot/dropbear/build/dropbear[0m
[10.122s] [34mcolcon.colcon_core.environment[0m [1;30mLevel 1[0m checking '/home/gateway/dropbear-humanoid-robot/dropbear/install/dropbear' for CMake module files
[10.123s] [34mcolcon.colcon_core.environment[0m [1;30mLevel 1[0m checking '/home/gateway/dropbear-humanoid-robot/dropbear/install/dropbear' for CMake config files
[10.126s] [34mcolcon.colcon_core.shell[0m [1;30mLevel 1[0m create_environment_hook('dropbear', 'cmake_prefix_path')
[10.126s] [34mcolcon.colcon_core.shell[0m [1;30mINFO[0m Creating environment hook '/home/gateway/dropbear-humanoid-robot/dropbear/install/dropbear/share/dropbear/hook/cmake_prefix_path.ps1'
[10.141s] [34mcolcon.colcon_core.shell[0m [1;30mINFO[0m Creating environment descriptor '/home/gateway/dropbear-humanoid-robot/dropbear/install/dropbear/share/dropbear/hook/cmake_prefix_path.dsv'
[10.147s] [34mcolcon.colcon_core.shell[0m [1;30mINFO[0m Creating environment hook '/home/gateway/dropbear-humanoid-robot/dropbear/install/dropbear/share/dropbear/hook/cmake_prefix_path.sh'
[10.152s] [34mcolcon.colcon_core.environment[0m [1;30mLevel 1[0m checking '/home/gateway/dropbear-humanoid-robot/dropbear/install/dropbear/lib'
[10.153s] [34mcolcon.colcon_core.environment[0m [1;30mLevel 1[0m checking '/home/gateway/dropbear-humanoid-robot/dropbear/install/dropbear/bin'
[10.153s] [34mcolcon.colcon_core.environment[0m [1;30mLevel 1[0m checking '/home/gateway/dropbear-humanoid-robot/dropbear/install/dropbear/lib/pkgconfig/dropbear.pc'
[10.153s] [34mcolcon.colcon_core.environment[0m [1;30mLevel 1[0m checking '/home/gateway/dropbear-humanoid-robot/dropbear/install/dropbear/lib/python3.10/site-packages'
[10.153s] [34mcolcon.colcon_core.environment[0m [1;30mLevel 1[0m checking '/home/gateway/dropbear-humanoid-robot/dropbear/install/dropbear/bin'
[10.154s] [34mcolcon.colcon_core.shell[0m [1;30mINFO[0m Creating package script '/home/gateway/dropbear-humanoid-robot/dropbear/install/dropbear/share/dropbear/package.ps1'
[10.158s] [34mcolcon.colcon_core.shell[0m [1;30mINFO[0m Creating package descriptor '/home/gateway/dropbear-humanoid-robot/dropbear/install/dropbear/share/dropbear/package.dsv'
[10.162s] [34mcolcon.colcon_core.shell[0m [1;30mINFO[0m Creating package script '/home/gateway/dropbear-humanoid-robot/dropbear/install/dropbear/share/dropbear/package.sh'
[10.167s] [34mcolcon.colcon_core.shell[0m [1;30mINFO[0m Creating package script '/home/gateway/dropbear-humanoid-robot/dropbear/install/dropbear/share/dropbear/package.bash'
[10.178s] [34mcolcon.colcon_core.shell[0m [1;30mINFO[0m Creating package script '/home/gateway/dropbear-humanoid-robot/dropbear/install/dropbear/share/dropbear/package.zsh'
[10.188s] [34mcolcon.colcon_core.environment[0m [1;30mLevel 1[0m create_file_with_runtime_dependencies(/home/gateway/dropbear-humanoid-robot/dropbear/install/dropbear/share/colcon-core/packages/dropbear)
[10.219s] [34mcolcon.colcon_core.environment[0m [1;30mLevel 1[0m create_environment_scripts_only(dropbear)
[10.219s] [34mcolcon.colcon_core.environment[0m [1;30mLevel 1[0m checking '/home/gateway/dropbear-humanoid-robot/dropbear/install/dropbear' for CMake module files
[10.219s] [34mcolcon.colcon_core.environment[0m [1;30mLevel 1[0m checking '/home/gateway/dropbear-humanoid-robot/dropbear/install/dropbear' for CMake config files
[10.220s] [34mcolcon.colcon_core.shell[0m [1;30mLevel 1[0m create_environment_hook('dropbear', 'cmake_prefix_path')
[10.220s] [34mcolcon.colcon_core.shell[0m [1;30mINFO[0m Creating environment hook '/home/gateway/dropbear-humanoid-robot/dropbear/install/dropbear/share/dropbear/hook/cmake_prefix_path.ps1'
[10.221s] [34mcolcon.colcon_core.shell[0m [1;30mINFO[0m Creating environment descriptor '/home/gateway/dropbear-humanoid-robot/dropbear/install/dropbear/share/dropbear/hook/cmake_prefix_path.dsv'
[10.221s] [34mcolcon.colcon_core.shell[0m [1;30mINFO[0m Creating environment hook '/home/gateway/dropbear-humanoid-robot/dropbear/install/dropbear/share/dropbear/hook/cmake_prefix_path.sh'
[10.222s] [34mcolcon.colcon_core.environment[0m [1;30mLevel 1[0m checking '/home/gateway/dropbear-humanoid-robot/dropbear/install/dropbear/lib'
[10.222s] [34mcolcon.colcon_core.environment[0m [1;30mLevel 1[0m checking '/home/gateway/dropbear-humanoid-robot/dropbear/install/dropbear/bin'
[10.222s] [34mcolcon.colcon_core.environment[0m [1;30mLevel 1[0m checking '/home/gateway/dropbear-humanoid-robot/dropbear/install/dropbear/lib/pkgconfig/dropbear.pc'
[10.222s] [34mcolcon.colcon_core.environment[0m [1;30mLevel 1[0m checking '/home/gateway/dropbear-humanoid-robot/dropbear/install/dropbear/lib/python3.10/site-packages'
[10.222s] [34mcolcon.colcon_core.environment[0m [1;30mLevel 1[0m checking '/home/gateway/dropbear-humanoid-robot/dropbear/install/dropbear/bin'
[10.223s] [34mcolcon.colcon_core.shell[0m [1;30mINFO[0m Creating package script '/home/gateway/dropbear-humanoid-robot/dropbear/install/dropbear/share/dropbear/package.ps1'
[10.223s] [34mcolcon.colcon_core.shell[0m [1;30mINFO[0m Creating package descriptor '/home/gateway/dropbear-humanoid-robot/dropbear/install/dropbear/share/dropbear/package.dsv'
[10.223s] [34mcolcon.colcon_core.shell[0m [1;30mINFO[0m Creating package script '/home/gateway/dropbear-humanoid-robot/dropbear/install/dropbear/share/dropbear/package.sh'
[10.224s] [34mcolcon.colcon_core.shell[0m [1;30mINFO[0m Creating package script '/home/gateway/dropbear-humanoid-robot/dropbear/install/dropbear/share/dropbear/package.bash'
[10.224s] [34mcolcon.colcon_core.shell[0m [1;30mINFO[0m Creating package script '/home/gateway/dropbear-humanoid-robot/dropbear/install/dropbear/share/dropbear/package.zsh'
[10.225s] [34mcolcon.colcon_core.environment[0m [1;30mLevel 1[0m create_file_with_runtime_dependencies(/home/gateway/dropbear-humanoid-robot/dropbear/install/dropbear/share/colcon-core/packages/dropbear)
[10.225s] [34mcolcon.colcon_parallel_executor.executor.parallel[0m [1;30mDEBUG[0m [32mclosing loop[0m
[10.225s] [34mcolcon.colcon_parallel_executor.executor.parallel[0m [1;30mDEBUG[0m [32mloop closed[0m
[10.225s] [34mcolcon.colcon_parallel_executor.executor.parallel[0m [1;30mDEBUG[0m [32mrun_until_complete finished with '0'[0m
[10.225s] [34mcolcon.colcon_core.event_reactor[0m [1;30mDEBUG[0m [32mjoining thread[0m
[10.499s] [34mcolcon.colcon_core.plugin_system[0m [1;30mINFO[0m Skipping extension 'colcon_notification.desktop_notification.notify_send': Could not find 'notify-send'
[10.500s] [34mcolcon.colcon_core.plugin_system[0m [1;30mINFO[0m Skipping extension 'colcon_notification.desktop_notification.terminal_notifier': Not used on non-Darwin systems
[10.500s] [34mcolcon.colcon_core.plugin_system[0m [1;30mINFO[0m Skipping extension 'colcon_notification.desktop_notification.win32': Not used on non-Windows systems
[10.500s] [34mcolcon.colcon_notification.desktop_notification[0m [1;30mINFO[0m Sending desktop notification using 'notify2'
[10.502s] [34mcolcon.colcon_notification.desktop_notification.notify2[0m [1;30mDEBUG[0m [32mFailed to initialize notify2: org.freedesktop.DBus.Error.ServiceUnknown: The name org.freedesktop.Notifications was not provided by any .service files[0m
[10.502s] [34mcolcon.colcon_core.event_reactor[0m [1;30mDEBUG[0m [32mjoined thread[0m
[10.503s] [34mcolcon.colcon_core.shell[0m [1;30mINFO[0m Creating prefix script '/home/gateway/dropbear-humanoid-robot/dropbear/install/local_setup.ps1'
[10.507s] [34mcolcon.colcon_core.shell[0m [1;30mINFO[0m Creating prefix util module '/home/gateway/dropbear-humanoid-robot/dropbear/install/_local_setup_util_ps1.py'
[10.512s] [34mcolcon.colcon_core.shell[0m [1;30mINFO[0m Creating prefix chain script '/home/gateway/dropbear-humanoid-robot/dropbear/install/setup.ps1'
[10.516s] [34mcolcon.colcon_core.shell[0m [1;30mINFO[0m Creating prefix script '/home/gateway/dropbear-humanoid-robot/dropbear/install/local_setup.sh'
[10.522s] [34mcolcon.colcon_core.shell[0m [1;30mINFO[0m Creating prefix util module '/home/gateway/dropbear-humanoid-robot/dropbear/install/_local_setup_util_sh.py'
[10.522s] [34mcolcon.colcon_core.shell[0m [1;30mINFO[0m Creating prefix chain script '/home/gateway/dropbear-humanoid-robot/dropbear/install/setup.sh'
[10.527s] [34mcolcon.colcon_core.shell[0m [1;30mINFO[0m Creating prefix script '/home/gateway/dropbear-humanoid-robot/dropbear/install/local_setup.bash'
[10.532s] [34mcolcon.colcon_core.shell[0m [1;30mINFO[0m Creating prefix chain script '/home/gateway/dropbear-humanoid-robot/dropbear/install/setup.bash'
[10.537s] [34mcolcon.colcon_core.shell[0m [1;30mINFO[0m Creating prefix script '/home/gateway/dropbear-humanoid-robot/dropbear/install/local_setup.zsh'
[10.542s] [34mcolcon.colcon_core.shell[0m [1;30mINFO[0m Creating prefix chain script '/home/gateway/dropbear-humanoid-robot/dropbear/install/setup.zsh'
