-- Install configuration: ""
-- Up-to-date: /home/gateway/humanoid_ws/install/humanoid_description/share/humanoid_description/launch
-- Up-to-date: /home/gateway/humanoid_ws/install/humanoid_description/share/humanoid_description/launch/humanoid_rviz.launch.py
-- Up-to-date: /home/gateway/humanoid_ws/install/humanoid_description/share/humanoid_description/meshes
-- Up-to-date: /home/gateway/humanoid_ws/install/humanoid_description/share/humanoid_description/meshes/waist
-- Up-to-date: /home/gateway/humanoid_ws/install/humanoid_description/share/humanoid_description/meshes/waist/Rotate-left-leg_1.stl
-- Up-to-date: /home/gateway/humanoid_ws/install/humanoid_description/share/humanoid_description/meshes/waist/Buttocks_1.stl
-- Up-to-date: /home/gateway/humanoid_ws/install/humanoid_description/share/humanoid_description/meshes/waist/base_link.stl
-- Up-to-date: /home/gateway/humanoid_ws/install/humanoid_description/share/humanoid_description/meshes/waist/DumRightLeg_1.stl
-- Up-to-date: /home/gateway/humanoid_ws/install/humanoid_description/share/humanoid_description/meshes/waist/Rotate-right-leg_1.stl
-- Up-to-date: /home/gateway/humanoid_ws/install/humanoid_description/share/humanoid_description/meshes/waist/Right-femur-top_1.stl
-- Up-to-date: /home/gateway/humanoid_ws/install/humanoid_description/share/humanoid_description/meshes/waist/DumLeftLeg_1.stl
-- Up-to-date: /home/gateway/humanoid_ws/install/humanoid_description/share/humanoid_description/meshes/waist/Left-femur-top_1.stl
-- Up-to-date: /home/gateway/humanoid_ws/install/humanoid_description/share/humanoid_description/meshes/torso
-- Up-to-date: /home/gateway/humanoid_ws/install/humanoid_description/share/humanoid_description/meshes/torso/DumHead_1.stl
-- Up-to-date: /home/gateway/humanoid_ws/install/humanoid_description/share/humanoid_description/meshes/torso/base_link.stl
-- Up-to-date: /home/gateway/humanoid_ws/install/humanoid_description/share/humanoid_description/meshes/torso/DumLArm_1.stl
-- Up-to-date: /home/gateway/humanoid_ws/install/humanoid_description/share/humanoid_description/meshes/torso/DumRArm_1.stl
-- Up-to-date: /home/gateway/humanoid_ws/install/humanoid_description/share/humanoid_description/rviz
-- Up-to-date: /home/gateway/humanoid_ws/install/humanoid_description/share/humanoid_description/urdf
-- Up-to-date: /home/gateway/humanoid_ws/install/humanoid_description/share/humanoid_description/urdf/materials.xacro
-- Up-to-date: /home/gateway/humanoid_ws/install/humanoid_description/share/humanoid_description/urdf/humanoid.urdf.xacro
-- Up-to-date: /home/gateway/humanoid_ws/install/humanoid_description/share/humanoid_description/urdf/waist.xacro
-- Up-to-date: /home/gateway/humanoid_ws/install/humanoid_description/share/humanoid_description/urdf/torso.xacro
-- Up-to-date: /home/gateway/humanoid_ws/install/humanoid_description/share/ament_index/resource_index/package_run_dependencies/humanoid_description
-- Up-to-date: /home/gateway/humanoid_ws/install/humanoid_description/share/ament_index/resource_index/parent_prefix_path/humanoid_description
-- Up-to-date: /home/gateway/humanoid_ws/install/humanoid_description/share/humanoid_description/environment/ament_prefix_path.sh
-- Up-to-date: /home/gateway/humanoid_ws/install/humanoid_description/share/humanoid_description/environment/ament_prefix_path.dsv
-- Up-to-date: /home/gateway/humanoid_ws/install/humanoid_description/share/humanoid_description/environment/path.sh
-- Up-to-date: /home/gateway/humanoid_ws/install/humanoid_description/share/humanoid_description/environment/path.dsv
-- Up-to-date: /home/gateway/humanoid_ws/install/humanoid_description/share/humanoid_description/local_setup.bash
-- Up-to-date: /home/gateway/humanoid_ws/install/humanoid_description/share/humanoid_description/local_setup.sh
-- Up-to-date: /home/gateway/humanoid_ws/install/humanoid_description/share/humanoid_description/local_setup.zsh
-- Up-to-date: /home/gateway/humanoid_ws/install/humanoid_description/share/humanoid_description/local_setup.dsv
-- Up-to-date: /home/gateway/humanoid_ws/install/humanoid_description/share/humanoid_description/package.dsv
-- Up-to-date: /home/gateway/humanoid_ws/install/humanoid_description/share/ament_index/resource_index/packages/humanoid_description
-- Up-to-date: /home/gateway/humanoid_ws/install/humanoid_description/share/humanoid_description/cmake/humanoid_descriptionConfig.cmake
-- Up-to-date: /home/gateway/humanoid_ws/install/humanoid_description/share/humanoid_description/cmake/humanoid_descriptionConfig-version.cmake
-- Up-to-date: /home/gateway/humanoid_ws/install/humanoid_description/share/humanoid_description/package.xml
