[0.108s] Invoking command in '/home/gateway/dropbear-humanoid-robot/dropbear/build/dropbear': CMAKE_PREFIX_PATH=/opt/ros/humble CONDA_PROMPT_MODIFIER=(ros) /usr/bin/cmake --build /home/gateway/dropbear-humanoid-robot/dropbear/build/dropbear -- -j32 -l32
[0.852s] Invoked command in '/home/gateway/dropbear-humanoid-robot/dropbear/build/dropbear' returned '0': CMAKE_PREFIX_PATH=/opt/ros/humble CONDA_PROMPT_MODIFIER=(ros) /usr/bin/cmake --build /home/gateway/dropbear-humanoid-robot/dropbear/build/dropbear -- -j32 -l32
[0.891s] Invoking command in '/home/gateway/dropbear-humanoid-robot/dropbear/build/dropbear': CMAKE_PREFIX_PATH=/opt/ros/humble CONDA_PROMPT_MODIFIER=(ros) /usr/bin/cmake --install /home/gateway/dropbear-humanoid-robot/dropbear/build/dropbear
[0.908s] -- Install configuration: ""
[0.929s] -- Up-to-date: /home/gateway/dropbear-humanoid-robot/dropbear/install/dropbear/lib/dropbear/hand_trajectory_publisher.py
[0.929s] -- Up-to-date: /home/gateway/dropbear-humanoid-robot/dropbear/install/dropbear/lib/dropbear/leg_trajectory_publisher.py
[0.929s] -- Up-to-date: /home/gateway/dropbear-humanoid-robot/dropbear/install/dropbear/lib/dropbear/pelvic_girdle_joints_trajectory_publisher.py
[0.938s] -- Up-to-date: /home/gateway/dropbear-humanoid-robot/dropbear/install/dropbear/share/dropbear/launch
[0.943s] -- Installing: /home/gateway/dropbear-humanoid-robot/dropbear/install/dropbear/share/dropbear/launch/dropbear_sdf.launch.py
[0.944s] -- Up-to-date: /home/gateway/dropbear-humanoid-robot/dropbear/install/dropbear/share/dropbear/launch/dropbear_controllers.launch.py
[0.944s] -- Up-to-date: /home/gateway/dropbear-humanoid-robot/dropbear/install/dropbear/share/dropbear/launch/dropbear_detailed_gazebo.launch.py
[0.944s] -- Up-to-date: /home/gateway/dropbear-humanoid-robot/dropbear/install/dropbear/share/dropbear/launch/dropbear_detailed_display.launch.py
[0.944s] -- Up-to-date: /home/gateway/dropbear-humanoid-robot/dropbear/install/dropbear/share/dropbear/meshes
[0.948s] -- Up-to-date: /home/gateway/dropbear-humanoid-robot/dropbear/install/dropbear/share/dropbear/meshes/battery
[0.955s] -- Up-to-date: /home/gateway/dropbear-humanoid-robot/dropbear/install/dropbear/share/dropbear/meshes/battery/naval-strap_1.stl
[0.955s] -- Up-to-date: /home/gateway/dropbear-humanoid-robot/dropbear/install/dropbear/share/dropbear/meshes/battery/Power_Converter_1.stl
[0.955s] -- Up-to-date: /home/gateway/dropbear-humanoid-robot/dropbear/install/dropbear/share/dropbear/meshes/battery/battery-board-adapter_1.stl
[0.955s] -- Up-to-date: /home/gateway/dropbear-humanoid-robot/dropbear/install/dropbear/share/dropbear/meshes/battery/naval_1.stl
[0.955s] -- Up-to-date: /home/gateway/dropbear-humanoid-robot/dropbear/install/dropbear/share/dropbear/meshes/battery/5v-module__1__1.stl
[0.955s] -- Up-to-date: /home/gateway/dropbear-humanoid-robot/dropbear/install/dropbear/share/dropbear/meshes/battery/battery__1___1__1.stl
[0.956s] -- Up-to-date: /home/gateway/dropbear-humanoid-robot/dropbear/install/dropbear/share/dropbear/meshes/battery/battery-frame-top_1.stl
[0.956s] -- Up-to-date: /home/gateway/dropbear-humanoid-robot/dropbear/install/dropbear/share/dropbear/meshes/battery/mpu1__1__1.stl
[0.956s] -- Up-to-date: /home/gateway/dropbear-humanoid-robot/dropbear/install/dropbear/share/dropbear/meshes/battery/power-module-large__8__1.stl
[0.956s] -- Up-to-date: /home/gateway/dropbear-humanoid-robot/dropbear/install/dropbear/share/dropbear/meshes/battery/power-module-large__9__1.stl
[0.956s] -- Up-to-date: /home/gateway/dropbear-humanoid-robot/dropbear/install/dropbear/share/dropbear/meshes/battery/power-module-large__2__1.stl
[0.956s] -- Up-to-date: /home/gateway/dropbear-humanoid-robot/dropbear/install/dropbear/share/dropbear/meshes/battery/base_link.stl
[0.956s] -- Up-to-date: /home/gateway/dropbear-humanoid-robot/dropbear/install/dropbear/share/dropbear/meshes/battery/battery-frame-bottom_1.stl
[0.956s] -- Up-to-date: /home/gateway/dropbear-humanoid-robot/dropbear/install/dropbear/share/dropbear/meshes/battery/power-module-large__5__1.stl
[0.956s] -- Up-to-date: /home/gateway/dropbear-humanoid-robot/dropbear/install/dropbear/share/dropbear/meshes/battery/esp1_1.stl
[0.956s] -- Up-to-date: /home/gateway/dropbear-humanoid-robot/dropbear/install/dropbear/share/dropbear/meshes/battery/power-module-large_1.stl
[0.956s] -- Up-to-date: /home/gateway/dropbear-humanoid-robot/dropbear/install/dropbear/share/dropbear/meshes/battery/Power_Converter__2__1.stl
[0.956s] -- Up-to-date: /home/gateway/dropbear-humanoid-robot/dropbear/install/dropbear/share/dropbear/meshes/battery/24ah-adapter_1.stl
[0.956s] -- Up-to-date: /home/gateway/dropbear-humanoid-robot/dropbear/install/dropbear/share/dropbear/meshes/battery/power-module-large__1__1.stl
[0.957s] -- Up-to-date: /home/gateway/dropbear-humanoid-robot/dropbear/install/dropbear/share/dropbear/meshes/battery/power-module-large__7__1.stl
[0.957s] -- Up-to-date: /home/gateway/dropbear-humanoid-robot/dropbear/install/dropbear/share/dropbear/meshes/battery/power-module-large__4__1.stl
[0.957s] -- Up-to-date: /home/gateway/dropbear-humanoid-robot/dropbear/install/dropbear/share/dropbear/meshes/battery/mcp1_1.stl
[0.957s] -- Up-to-date: /home/gateway/dropbear-humanoid-robot/dropbear/install/dropbear/share/dropbear/meshes/battery/5v-module_1.stl
[0.957s] -- Up-to-date: /home/gateway/dropbear-humanoid-robot/dropbear/install/dropbear/share/dropbear/meshes/battery/power-module-large__6__1.stl
[0.957s] -- Up-to-date: /home/gateway/dropbear-humanoid-robot/dropbear/install/dropbear/share/dropbear/meshes/battery/power-module-large__3__1.stl
[0.957s] -- Up-to-date: /home/gateway/dropbear-humanoid-robot/dropbear/install/dropbear/share/dropbear/meshes/rightarm
[0.960s] -- Up-to-date: /home/gateway/dropbear-humanoid-robot/dropbear/install/dropbear/share/dropbear/meshes/rightarm/forearm-elbow-motor-bracket-inner_1.stl
[0.960s] -- Up-to-date: /home/gateway/dropbear-humanoid-robot/dropbear/install/dropbear/share/dropbear/meshes/rightarm/top-bracket-servo-strap_1.stl
[0.960s] -- Up-to-date: /home/gateway/dropbear-humanoid-robot/dropbear/install/dropbear/share/dropbear/meshes/rightarm/MG995__4__1.stl
[0.960s] -- Up-to-date: /home/gateway/dropbear-humanoid-robot/dropbear/install/dropbear/share/dropbear/meshes/rightarm/RMD-X8-Pro_MIR8_MIR1__4__1.stl
[0.960s] -- Up-to-date: /home/gateway/dropbear-humanoid-robot/dropbear/install/dropbear/share/dropbear/meshes/rightarm/MG995__6__1.stl
[0.961s] -- Up-to-date: /home/gateway/dropbear-humanoid-robot/dropbear/install/dropbear/share/dropbear/meshes/rightarm/fore-arm-bicep-motor-attatch_1.stl
[0.961s] -- Up-to-date: /home/gateway/dropbear-humanoid-robot/dropbear/install/dropbear/share/dropbear/meshes/rightarm/arm-cuff-bicep-bracket_1.stl
[0.961s] -- Up-to-date: /home/gateway/dropbear-humanoid-robot/dropbear/install/dropbear/share/dropbear/meshes/rightarm/bicep-rear-motor-adapter_1.stl
[0.961s] -- Up-to-date: /home/gateway/dropbear-humanoid-robot/dropbear/install/dropbear/share/dropbear/meshes/rightarm/shoulder-ex-al-interface__2__1.stl
[0.961s] -- Up-to-date: /home/gateway/dropbear-humanoid-robot/dropbear/install/dropbear/share/dropbear/meshes/rightarm/6mm-bearing__2__1.stl
[0.961s] -- Up-to-date: /home/gateway/dropbear-humanoid-robot/dropbear/install/dropbear/share/dropbear/meshes/rightarm/6mm-bearing__4__1.stl
[0.961s] -- Up-to-date: /home/gateway/dropbear-humanoid-robot/dropbear/install/dropbear/share/dropbear/meshes/rightarm/skateboard-bearing__7__1.stl
[0.961s] -- Up-to-date: /home/gateway/dropbear-humanoid-robot/dropbear/install/dropbear/share/dropbear/meshes/rightarm/6mm-bearing__6__1.stl
[0.961s] -- Up-to-date: /home/gateway/dropbear-humanoid-robot/dropbear/install/dropbear/share/dropbear/meshes/rightarm/MG995__2__1.stl
[0.961s] -- Up-to-date: /home/gateway/dropbear-humanoid-robot/dropbear/install/dropbear/share/dropbear/meshes/rightarm/6mm-bearing__3__1.stl
[0.964s] -- Up-to-date: /home/gateway/dropbear-humanoid-robot/dropbear/install/dropbear/share/dropbear/meshes/rightarm/yaw-waist-adapter-motor-exal_MIR1_1.stl
[0.964s] -- Up-to-date: /home/gateway/dropbear-humanoid-robot/dropbear/install/dropbear/share/dropbear/meshes/rightarm/RMD-X8-Pro_MIR8_MIR1__2__1.stl
[0.965s] -- Up-to-date: /home/gateway/dropbear-humanoid-robot/dropbear/install/dropbear/share/dropbear/meshes/rightarm/2020_100mm__10__1.stl
[0.965s] -- Up-to-date: /home/gateway/dropbear-humanoid-robot/dropbear/install/dropbear/share/dropbear/meshes/rightarm/shoulder-cap_1.stl
[0.965s] -- Up-to-date: /home/gateway/dropbear-humanoid-robot/dropbear/install/dropbear/share/dropbear/meshes/rightarm/shoulder-roll-al-mot_MIR1__3__1.stl
[0.965s] -- Up-to-date: /home/gateway/dropbear-humanoid-robot/dropbear/install/dropbear/share/dropbear/meshes/rightarm/top-bracket-servo-strap__1__1.stl
[0.966s] -- Up-to-date: /home/gateway/dropbear-humanoid-robot/dropbear/install/dropbear/share/dropbear/meshes/rightarm/elbow_v2_1.stl
[0.966s] -- Up-to-date: /home/gateway/dropbear-humanoid-robot/dropbear/install/dropbear/share/dropbear/meshes/rightarm/shoulder-ex-al-interface_1.stl
[0.966s] -- Up-to-date: /home/gateway/dropbear-humanoid-robot/dropbear/install/dropbear/share/dropbear/meshes/rightarm/base_link.stl
[0.966s] -- Up-to-date: /home/gateway/dropbear-humanoid-robot/dropbear/install/dropbear/share/dropbear/meshes/rightarm/shoulder-roll-al-mot_MIR1__1__1.stl
[0.967s] -- Up-to-date: /home/gateway/dropbear-humanoid-robot/dropbear/install/dropbear/share/dropbear/meshes/rightarm/RMD-X8-Pro_MIR8_MIR1__3__1.stl
[0.967s] -- Up-to-date: /home/gateway/dropbear-humanoid-robot/dropbear/install/dropbear/share/dropbear/meshes/rightarm/second-forearm-motor-strap_1.stl
[0.967s] -- Up-to-date: /home/gateway/dropbear-humanoid-robot/dropbear/install/dropbear/share/dropbear/meshes/rightarm/yaw-cap_1.stl
[0.967s] -- Up-to-date: /home/gateway/dropbear-humanoid-robot/dropbear/install/dropbear/share/dropbear/meshes/rightarm/bicep-motor-mate_1.stl
[0.967s] -- Up-to-date: /home/gateway/dropbear-humanoid-robot/dropbear/install/dropbear/share/dropbear/meshes/rightarm/6mm-bearing_1.stl
[0.967s] -- Up-to-date: /home/gateway/dropbear-humanoid-robot/dropbear/install/dropbear/share/dropbear/meshes/rightarm/bicep-rotational-cuff-second-motor-bracket_1.stl
[0.967s] -- Up-to-date: /home/gateway/dropbear-humanoid-robot/dropbear/install/dropbear/share/dropbear/meshes/rightarm/MG995__1__1.stl
[0.967s] -- Up-to-date: /home/gateway/dropbear-humanoid-robot/dropbear/install/dropbear/share/dropbear/meshes/rightarm/6mm-bearing__7__1.stl
[0.967s] -- Up-to-date: /home/gateway/dropbear-humanoid-robot/dropbear/install/dropbear/share/dropbear/meshes/rightarm/2020_100mm__11__1.stl
[0.967s] -- Up-to-date: /home/gateway/dropbear-humanoid-robot/dropbear/install/dropbear/share/dropbear/meshes/rightarm/bicep_1.stl
[0.967s] -- Up-to-date: /home/gateway/dropbear-humanoid-robot/dropbear/install/dropbear/share/dropbear/meshes/rightarm/shoulder-ex-al-interface__1__1.stl
[0.967s] -- Up-to-date: /home/gateway/dropbear-humanoid-robot/dropbear/install/dropbear/share/dropbear/meshes/rightarm/yaw-waist-adapter-motor-exal_MIR1__5__1.stl
[0.968s] -- Up-to-date: /home/gateway/dropbear-humanoid-robot/dropbear/install/dropbear/share/dropbear/meshes/rightarm/bicep-shoulder-bracket-exal__3__1.stl
[0.968s] -- Up-to-date: /home/gateway/dropbear-humanoid-robot/dropbear/install/dropbear/share/dropbear/meshes/rightarm/6mm-bearing__5__1.stl
[0.968s] -- Up-to-date: /home/gateway/dropbear-humanoid-robot/dropbear/install/dropbear/share/dropbear/meshes/rightarm/6mm-bearing__1__1.stl
[0.968s] -- Up-to-date: /home/gateway/dropbear-humanoid-robot/dropbear/install/dropbear/share/dropbear/meshes/rightarm/elbow-rear-hanger_1.stl
[0.968s] -- Up-to-date: /home/gateway/dropbear-humanoid-robot/dropbear/install/dropbear/share/dropbear/meshes/rightarm/power-mount-arm_1.stl
[0.968s] -- Up-to-date: /home/gateway/dropbear-humanoid-robot/dropbear/install/dropbear/share/dropbear/meshes/rightarm/MG995_1.stl
[0.969s] -- Up-to-date: /home/gateway/dropbear-humanoid-robot/dropbear/install/dropbear/share/dropbear/meshes/rightarm/forearm-elbow-motor-bracket-inner2_1.stl
[0.969s] -- Up-to-date: /home/gateway/dropbear-humanoid-robot/dropbear/install/dropbear/share/dropbear/meshes/rightarm/shoulder-roll-al-mot_MIR1__2__1.stl
[0.969s] -- Up-to-date: /home/gateway/dropbear-humanoid-robot/dropbear/install/dropbear/share/dropbear/meshes/rightarm/bicep-shoulder-bracket-exal_1.stl
[0.970s] -- Up-to-date: /home/gateway/dropbear-humanoid-robot/dropbear/install/dropbear/share/dropbear/meshes/rightarm/elbow-hangar_1.stl
[0.970s] -- Up-to-date: /home/gateway/dropbear-humanoid-robot/dropbear/install/dropbear/share/dropbear/meshes/rightarm/shoulder-roll-al-mot_MIR1_1.stl
[0.970s] -- Up-to-date: /home/gateway/dropbear-humanoid-robot/dropbear/install/dropbear/share/dropbear/meshes/rightarm/6mm-bearing__9__1.stl
[0.970s] -- Up-to-date: /home/gateway/dropbear-humanoid-robot/dropbear/install/dropbear/share/dropbear/meshes/rightarm/elbow-bridge-rear_1.stl
[0.971s] -- Up-to-date: /home/gateway/dropbear-humanoid-robot/dropbear/install/dropbear/share/dropbear/meshes/rightarm/multiplex-stack-flat_1.stl
[0.971s] -- Up-to-date: /home/gateway/dropbear-humanoid-robot/dropbear/install/dropbear/share/dropbear/meshes/rightarm/MG995__7__1.stl
[0.971s] -- Up-to-date: /home/gateway/dropbear-humanoid-robot/dropbear/install/dropbear/share/dropbear/meshes/rightarm/shoulder-front_1.stl
[0.972s] -- Up-to-date: /home/gateway/dropbear-humanoid-robot/dropbear/install/dropbear/share/dropbear/meshes/rightarm/2020_100mm__9__1.stl
[0.972s] -- Up-to-date: /home/gateway/dropbear-humanoid-robot/dropbear/install/dropbear/share/dropbear/meshes/rightarm/MG995__5__1.stl
[0.972s] -- Up-to-date: /home/gateway/dropbear-humanoid-robot/dropbear/install/dropbear/share/dropbear/meshes/rightarm/shoulder-motor-bicep-rotor-bracket_1.stl
[0.972s] -- Up-to-date: /home/gateway/dropbear-humanoid-robot/dropbear/install/dropbear/share/dropbear/meshes/rightarm/MG995__3__1.stl
[0.972s] -- Up-to-date: /home/gateway/dropbear-humanoid-robot/dropbear/install/dropbear/share/dropbear/meshes/rightarm/2020_100mm__8___1__1.stl
[0.973s] -- Up-to-date: /home/gateway/dropbear-humanoid-robot/dropbear/install/dropbear/share/dropbear/meshes/rightarm/bicep-shoulder-bracket-exal__2__1.stl
[0.973s] -- Up-to-date: /home/gateway/dropbear-humanoid-robot/dropbear/install/dropbear/share/dropbear/meshes/rightarm/elbow-hangar1_1.stl
[0.973s] -- Up-to-date: /home/gateway/dropbear-humanoid-robot/dropbear/install/dropbear/share/dropbear/meshes/rightarm/6mm-bearing__8__1.stl
[0.973s] -- Up-to-date: /home/gateway/dropbear-humanoid-robot/dropbear/install/dropbear/share/dropbear/meshes/rightarm/RMD-X8-Pro_MIR8_MIR1__1__1.stl
[0.974s] -- Up-to-date: /home/gateway/dropbear-humanoid-robot/dropbear/install/dropbear/share/dropbear/meshes/rightarm/straight-tendon_1.stl
[0.974s] -- Up-to-date: /home/gateway/dropbear-humanoid-robot/dropbear/install/dropbear/share/dropbear/meshes/rightarm/elbow-bridge-rear__1__1.stl
[0.974s] -- Up-to-date: /home/gateway/dropbear-humanoid-robot/dropbear/install/dropbear/share/dropbear/meshes/rightarm/shoulder-front-bearing-adapter_1.stl
[0.974s] -- Up-to-date: /home/gateway/dropbear-humanoid-robot/dropbear/install/dropbear/share/dropbear/meshes/rightarm/elbow-rear-hanger__1__1.stl
[0.975s] -- Up-to-date: /home/gateway/dropbear-humanoid-robot/dropbear/install/dropbear/share/dropbear/meshes/rightarm/fan-mount_1.stl
[0.975s] -- Up-to-date: /home/gateway/dropbear-humanoid-robot/dropbear/install/dropbear/share/dropbear/meshes/rightarm/bicep-shoulder-bracket-exal__1__1.stl
[0.975s] -- Up-to-date: /home/gateway/dropbear-humanoid-robot/dropbear/install/dropbear/share/dropbear/meshes/rightarm/front-bearing-adapter-shoulder_1.stl
[0.976s] -- Up-to-date: /home/gateway/dropbear-humanoid-robot/dropbear/install/dropbear/share/dropbear/meshes/leftleg
[0.976s] -- Up-to-date: /home/gateway/dropbear-humanoid-robot/dropbear/install/dropbear/share/dropbear/meshes/leftleg/RMD-X10-S2_MIR4Stator_1.stl
[0.976s] -- Up-to-date: /home/gateway/dropbear-humanoid-robot/dropbear/install/dropbear/share/dropbear/meshes/leftleg/RMD-X8-Pro_MIR8_MIR1_2.stl
[0.976s] -- Up-to-date: /home/gateway/dropbear-humanoid-robot/dropbear/install/dropbear/share/dropbear/meshes/leftleg/skateboard-bearing_left_1.stl
[0.976s] -- Up-to-date: /home/gateway/dropbear-humanoid-robot/dropbear/install/dropbear/share/dropbear/meshes/leftleg/thigh-nub_1.stl
[0.976s] -- Up-to-date: /home/gateway/dropbear-humanoid-robot/dropbear/install/dropbear/share/dropbear/meshes/leftleg/210mm-tie-rod_v1_1.stl
[0.976s] -- Up-to-date: /home/gateway/dropbear-humanoid-robot/dropbear/install/dropbear/share/dropbear/meshes/leftleg/flank-front__1__1.stl
[0.976s] -- Up-to-date: /home/gateway/dropbear-humanoid-robot/dropbear/install/dropbear/share/dropbear/meshes/leftleg/calf-cover_1.stl
[0.976s] -- Up-to-date: /home/gateway/dropbear-humanoid-robot/dropbear/install/dropbear/share/dropbear/meshes/leftleg/magmount__1__1.stl
[0.976s] -- Up-to-date: /home/gateway/dropbear-humanoid-robot/dropbear/install/dropbear/share/dropbear/meshes/leftleg/bearingstrap_1.stl
[0.976s] -- Up-to-date: /home/gateway/dropbear-humanoid-robot/dropbear/install/dropbear/share/dropbear/meshes/leftleg/limit-bracket-knee_1.stl
[0.976s] -- Up-to-date: /home/gateway/dropbear-humanoid-robot/dropbear/install/dropbear/share/dropbear/meshes/leftleg/DumX290mm_1.stl
[0.976s] -- Up-to-date: /home/gateway/dropbear-humanoid-robot/dropbear/install/dropbear/share/dropbear/meshes/leftleg/tie-rod-ankle-brackket_left1_1.stl
[0.977s] -- Up-to-date: /home/gateway/dropbear-humanoid-robot/dropbear/install/dropbear/share/dropbear/meshes/leftleg/DumX210mm_1.stl
[0.977s] -- Up-to-date: /home/gateway/dropbear-humanoid-robot/dropbear/install/dropbear/share/dropbear/meshes/leftleg/2020_400mm_1.stl
[0.977s] -- Up-to-date: /home/gateway/dropbear-humanoid-robot/dropbear/install/dropbear/share/dropbear/meshes/leftleg/conjstraint-knee-test-oute_1.stl
[0.977s] -- Up-to-date: /home/gateway/dropbear-humanoid-robot/dropbear/install/dropbear/share/dropbear/meshes/leftleg/calf-motor-driver-ext_1.stl
[0.977s] -- Up-to-date: /home/gateway/dropbear-humanoid-robot/dropbear/install/dropbear/share/dropbear/meshes/leftleg/leg-thigh-knee-support-bottom_1.stl
[0.977s] -- Up-to-date: /home/gateway/dropbear-humanoid-robot/dropbear/install/dropbear/share/dropbear/meshes/leftleg/new-heel_1.stl
[0.977s] -- Up-to-date: /home/gateway/dropbear-humanoid-robot/dropbear/install/dropbear/share/dropbear/meshes/leftleg/ankle-side-bracket_2.stl
[0.977s] -- Up-to-date: /home/gateway/dropbear-humanoid-robot/dropbear/install/dropbear/share/dropbear/meshes/leftleg/skateboard-bearing__12__1.stl
[0.977s] -- Up-to-date: /home/gateway/dropbear-humanoid-robot/dropbear/install/dropbear/share/dropbear/meshes/leftleg/flank_1.stl
[0.977s] -- Up-to-date: /home/gateway/dropbear-humanoid-robot/dropbear/install/dropbear/share/dropbear/meshes/leftleg/flank__1__1.stl
[0.977s] -- Up-to-date: /home/gateway/dropbear-humanoid-robot/dropbear/install/dropbear/share/dropbear/meshes/leftleg/double-bracket-10deg_MIR_MIR_MIR_1.stl
[0.977s] -- Up-to-date: /home/gateway/dropbear-humanoid-robot/dropbear/install/dropbear/share/dropbear/meshes/leftleg/heel-bracket_left_1.stl
[0.977s] -- Up-to-date: /home/gateway/dropbear-humanoid-robot/dropbear/install/dropbear/share/dropbear/meshes/leftleg/basis_left_1.stl
[0.977s] -- Up-to-date: /home/gateway/dropbear-humanoid-robot/dropbear/install/dropbear/share/dropbear/meshes/leftleg/flank-front_1.stl
[0.977s] -- Up-to-date: /home/gateway/dropbear-humanoid-robot/dropbear/install/dropbear/share/dropbear/meshes/leftleg/2020_150mm__6__2.stl
[0.977s] -- Up-to-date: /home/gateway/dropbear-humanoid-robot/dropbear/install/dropbear/share/dropbear/meshes/leftleg/2020_150mm__1___1__1.stl
[0.978s] -- Up-to-date: /home/gateway/dropbear-humanoid-robot/dropbear/install/dropbear/share/dropbear/meshes/leftleg/heel-bracketleft_1.stl
[0.978s] -- Up-to-date: /home/gateway/dropbear-humanoid-robot/dropbear/install/dropbear/share/dropbear/meshes/leftleg/bearing-sensor-adapter_2.stl
[0.978s] -- Up-to-date: /home/gateway/dropbear-humanoid-robot/dropbear/install/dropbear/share/dropbear/meshes/leftleg/base_link.stl
[0.978s] -- Up-to-date: /home/gateway/dropbear-humanoid-robot/dropbear/install/dropbear/share/dropbear/meshes/leftleg/RMD-X10-S2_MIR4__3_Rotor_1.stl
[0.978s] -- Up-to-date: /home/gateway/dropbear-humanoid-robot/dropbear/install/dropbear/share/dropbear/meshes/leftleg/calf-skin_flip_1.stl
[0.978s] -- Up-to-date: /home/gateway/dropbear-humanoid-robot/dropbear/install/dropbear/share/dropbear/meshes/leftleg/2020_300mm__1__1.stl
[0.978s] -- Up-to-date: /home/gateway/dropbear-humanoid-robot/dropbear/install/dropbear/share/dropbear/meshes/leftleg/skateboard-bearing__15__1.stl
[0.978s] -- Up-to-date: /home/gateway/dropbear-humanoid-robot/dropbear/install/dropbear/share/dropbear/meshes/leftleg/hip-motor-bracket-v5-right_MIR_1.stl
[0.978s] -- Up-to-date: /home/gateway/dropbear-humanoid-robot/dropbear/install/dropbear/share/dropbear/meshes/leftleg/bearingstrap__1__1.stl
[0.978s] -- Up-to-date: /home/gateway/dropbear-humanoid-robot/dropbear/install/dropbear/share/dropbear/meshes/leftleg/skateboard-bearing__9__1.stl
[0.978s] -- Up-to-date: /home/gateway/dropbear-humanoid-robot/dropbear/install/dropbear/share/dropbear/meshes/leftleg/skateboard-bearing__19__1.stl
[0.978s] -- Up-to-date: /home/gateway/dropbear-humanoid-robot/dropbear/install/dropbear/share/dropbear/meshes/leftleg/knee-strap-second-test__1__1.stl
[0.978s] -- Up-to-date: /home/gateway/dropbear-humanoid-robot/dropbear/install/dropbear/share/dropbear/meshes/leftleg/heel-top_MIRleft_1.stl
[0.978s] -- Up-to-date: /home/gateway/dropbear-humanoid-robot/dropbear/install/dropbear/share/dropbear/meshes/leftleg/motor-calf-exal-mount_4.stl
[0.978s] -- Up-to-date: /home/gateway/dropbear-humanoid-robot/dropbear/install/dropbear/share/dropbear/meshes/leftleg/calf-skin_1.stl
[0.979s] -- Up-to-date: /home/gateway/dropbear-humanoid-robot/dropbear/install/dropbear/share/dropbear/meshes/leftleg/knee-strap-second-test_1.stl
[0.979s] -- Up-to-date: /home/gateway/dropbear-humanoid-robot/dropbear/install/dropbear/share/dropbear/meshes/leftleg/RMD-X10-S2_MIR4Rotor_1.stl
[0.979s] -- Up-to-date: /home/gateway/dropbear-humanoid-robot/dropbear/install/dropbear/share/dropbear/meshes/leftleg/ankle-side-bracket_1.stl
[0.979s] -- Up-to-date: /home/gateway/dropbear-humanoid-robot/dropbear/install/dropbear/share/dropbear/meshes/leftleg/leg-pitch-elastic__3__1.stl
[0.979s] -- Up-to-date: /home/gateway/dropbear-humanoid-robot/dropbear/install/dropbear/share/dropbear/meshes/leftleg/bearing-sensor-adapter-arm_1.stl
[0.980s] -- Up-to-date: /home/gateway/dropbear-humanoid-robot/dropbear/install/dropbear/share/dropbear/meshes/leftleg/ankle-thick_1.stl
[0.980s] -- Up-to-date: /home/gateway/dropbear-humanoid-robot/dropbear/install/dropbear/share/dropbear/meshes/leftleg/knee-bend-motor-bracket-hip_1.stl
[0.980s] -- Up-to-date: /home/gateway/dropbear-humanoid-robot/dropbear/install/dropbear/share/dropbear/meshes/leftleg/heel-topleft_1.stl
[0.980s] -- Up-to-date: /home/gateway/dropbear-humanoid-robot/dropbear/install/dropbear/share/dropbear/meshes/leftleg/RMD-X8-Pro_MIR8_MIR1_1.stl
[0.980s] -- Up-to-date: /home/gateway/dropbear-humanoid-robot/dropbear/install/dropbear/share/dropbear/meshes/leftleg/RMD-X10-S2_MIR4__3_Stator_1.stl
[0.980s] -- Up-to-date: /home/gateway/dropbear-humanoid-robot/dropbear/install/dropbear/share/dropbear/meshes/leftleg/skateboard-bearing__14__1.stl
[0.981s] -- Up-to-date: /home/gateway/dropbear-humanoid-robot/dropbear/install/dropbear/share/dropbear/meshes/leftleg/toes-rotor_1.stl
[0.981s] -- Up-to-date: /home/gateway/dropbear-humanoid-robot/dropbear/install/dropbear/share/dropbear/meshes/leftleg/leg-pitch-elastic__1__1.stl
[0.981s] -- Up-to-date: /home/gateway/dropbear-humanoid-robot/dropbear/install/dropbear/share/dropbear/meshes/leftleg/knee-bend-motor-bracket-hip__1__1.stl
[0.981s] -- Up-to-date: /home/gateway/dropbear-humanoid-robot/dropbear/install/dropbear/share/dropbear/meshes/leftleg/heel-connector_1.stl
[0.982s] -- Up-to-date: /home/gateway/dropbear-humanoid-robot/dropbear/install/dropbear/share/dropbear/meshes/leftleg/NO-NC_Bump_Switch_1.stl
[0.982s] -- Up-to-date: /home/gateway/dropbear-humanoid-robot/dropbear/install/dropbear/share/dropbear/meshes/leftleg/thigh-outer-encoder-mount__1__1.stl
[0.982s] -- Up-to-date: /home/gateway/dropbear-humanoid-robot/dropbear/install/dropbear/share/dropbear/meshes/leftleg/skateboard-bearing_1.stl
[0.983s] -- Up-to-date: /home/gateway/dropbear-humanoid-robot/dropbear/install/dropbear/share/dropbear/meshes/leftleg/motor-calf-exal-mount_2.stl
[0.983s] -- Up-to-date: /home/gateway/dropbear-humanoid-robot/dropbear/install/dropbear/share/dropbear/meshes/leftleg/leg-pitch-elastic_1.stl
[0.983s] -- Up-to-date: /home/gateway/dropbear-humanoid-robot/dropbear/install/dropbear/share/dropbear/meshes/leftleg/motorcap-KNEE_MIR_1.stl
[0.983s] -- Up-to-date: /home/gateway/dropbear-humanoid-robot/dropbear/install/dropbear/share/dropbear/meshes/leftleg/foot-imu-strap_1.stl
[0.983s] -- Up-to-date: /home/gateway/dropbear-humanoid-robot/dropbear/install/dropbear/share/dropbear/meshes/leftleg/6band__5__1.stl
[0.983s] -- Up-to-date: /home/gateway/dropbear-humanoid-robot/dropbear/install/dropbear/share/dropbear/meshes/leftleg/dumXrigid_1.stl
[0.983s] -- Up-to-date: /home/gateway/dropbear-humanoid-robot/dropbear/install/dropbear/share/dropbear/meshes/leftleg/calf-lower-bracket_1.stl
[0.984s] -- Up-to-date: /home/gateway/dropbear-humanoid-robot/dropbear/install/dropbear/share/dropbear/meshes/leftleg/2020_100mm__12__1.stl
[0.984s] -- Up-to-date: /home/gateway/dropbear-humanoid-robot/dropbear/install/dropbear/share/dropbear/meshes/leftleg/skateboard-bearing__10__1.stl
[0.984s] -- Up-to-date: /home/gateway/dropbear-humanoid-robot/dropbear/install/dropbear/share/dropbear/meshes/leftleg/2020_300mm__2__1.stl
[0.984s] -- Up-to-date: /home/gateway/dropbear-humanoid-robot/dropbear/install/dropbear/share/dropbear/meshes/leftleg/hip-motor-bracket-v5-right_MIR__1__1.stl
[0.985s] -- Up-to-date: /home/gateway/dropbear-humanoid-robot/dropbear/install/dropbear/share/dropbear/meshes/leftleg/bearing-sensor-adapter_1.stl
[0.985s] -- Up-to-date: /home/gateway/dropbear-humanoid-robot/dropbear/install/dropbear/share/dropbear/meshes/leftleg/new-heel-opposing_1.stl
[0.985s] -- Up-to-date: /home/gateway/dropbear-humanoid-robot/dropbear/install/dropbear/share/dropbear/meshes/leftleg/2020_150mm__6__1.stl
[0.985s] -- Up-to-date: /home/gateway/dropbear-humanoid-robot/dropbear/install/dropbear/share/dropbear/meshes/leftleg/calf-motor-driver-ext_2.stl
[0.985s] -- Up-to-date: /home/gateway/dropbear-humanoid-robot/dropbear/install/dropbear/share/dropbear/meshes/leftleg/mpu1_1.stl
[0.985s] -- Up-to-date: /home/gateway/dropbear-humanoid-robot/dropbear/install/dropbear/share/dropbear/meshes/leftleg/skateboard-bearing__11__1.stl
[0.985s] -- Up-to-date: /home/gateway/dropbear-humanoid-robot/dropbear/install/dropbear/share/dropbear/meshes/leftleg/toes_1.stl
[0.985s] -- Up-to-date: /home/gateway/dropbear-humanoid-robot/dropbear/install/dropbear/share/dropbear/meshes/leftleg/thigh-bracket_1.stl
[0.985s] -- Up-to-date: /home/gateway/dropbear-humanoid-robot/dropbear/install/dropbear/share/dropbear/meshes/leftleg/double-bracket_1.stl
[0.985s] -- Up-to-date: /home/gateway/dropbear-humanoid-robot/dropbear/install/dropbear/share/dropbear/meshes/leftleg/bearingstrap-inner-thigh_1.stl
[0.985s] -- Up-to-date: /home/gateway/dropbear-humanoid-robot/dropbear/install/dropbear/share/dropbear/meshes/leftleg/NO-NC_Bump_Switch__1__1.stl
[0.985s] -- Up-to-date: /home/gateway/dropbear-humanoid-robot/dropbear/install/dropbear/share/dropbear/meshes/leftleg/290mm-tie-rod_v1_1.stl
[0.985s] -- Up-to-date: /home/gateway/dropbear-humanoid-robot/dropbear/install/dropbear/share/dropbear/meshes/leftleg/skateboard-bearing__8__1.stl
[0.986s] -- Up-to-date: /home/gateway/dropbear-humanoid-robot/dropbear/install/dropbear/share/dropbear/meshes/leftleg/ankle-motor-driver-bracket_left_1.stl
[0.986s] -- Up-to-date: /home/gateway/dropbear-humanoid-robot/dropbear/install/dropbear/share/dropbear/meshes/leftleg/heel-roller_1.stl
[0.986s] -- Up-to-date: /home/gateway/dropbear-humanoid-robot/dropbear/install/dropbear/share/dropbear/meshes/leftleg/skateboard-bearing_left_2.stl
[0.986s] -- Up-to-date: /home/gateway/dropbear-humanoid-robot/dropbear/install/dropbear/share/dropbear/meshes/leftleg/calf-lower-bracket_left_1.stl
[0.986s] -- Up-to-date: /home/gateway/dropbear-humanoid-robot/dropbear/install/dropbear/share/dropbear/meshes/leftleg/skateboard-bearing__16__1.stl
[0.986s] -- Up-to-date: /home/gateway/dropbear-humanoid-robot/dropbear/install/dropbear/share/dropbear/meshes/leftleg/innner-thigh-magnet-encoder__1__1.stl
[0.986s] -- Up-to-date: /home/gateway/dropbear-humanoid-robot/dropbear/install/dropbear/share/dropbear/meshes/leftleg/skateboard-bearing__18__1.stl
[0.986s] -- Up-to-date: /home/gateway/dropbear-humanoid-robot/dropbear/install/dropbear/share/dropbear/meshes/leftleg/motor-calf-exal-mount_3.stl
[0.986s] -- Up-to-date: /home/gateway/dropbear-humanoid-robot/dropbear/install/dropbear/share/dropbear/meshes/leftleg/skateboard-bearing__17__1.stl
[0.986s] -- Up-to-date: /home/gateway/dropbear-humanoid-robot/dropbear/install/dropbear/share/dropbear/meshes/leftleg/skateboard-bearing__20__1.stl
[0.987s] -- Up-to-date: /home/gateway/dropbear-humanoid-robot/dropbear/install/dropbear/share/dropbear/meshes/leftleg/knee-lock-2-b_1.stl
[0.987s] -- Up-to-date: /home/gateway/dropbear-humanoid-robot/dropbear/install/dropbear/share/dropbear/meshes/leftleg/motor-calf-exal-mount_1.stl
[0.987s] -- Up-to-date: /home/gateway/dropbear-humanoid-robot/dropbear/install/dropbear/share/dropbear/meshes/leftleg/skateboard-bearing__13__1.stl
[0.987s] -- Up-to-date: /home/gateway/dropbear-humanoid-robot/dropbear/install/dropbear/share/dropbear/meshes/leftleg/flank-front-flipped_1.stl
[0.987s] -- Up-to-date: /home/gateway/dropbear-humanoid-robot/dropbear/install/dropbear/share/dropbear/meshes/leftleg/wire-clip_1.stl
[0.987s] -- Up-to-date: /home/gateway/dropbear-humanoid-robot/dropbear/install/dropbear/share/dropbear/meshes/leftleg/calf-cover_2.stl
[0.987s] -- Up-to-date: /home/gateway/dropbear-humanoid-robot/dropbear/install/dropbear/share/dropbear/meshes/leftleg/bearing-sensor-adapter-arm_2.stl
[0.987s] -- Up-to-date: /home/gateway/dropbear-humanoid-robot/dropbear/install/dropbear/share/dropbear/meshes/leftleg/leg-pitch-elastic__2__1.stl
[0.987s] -- Up-to-date: /home/gateway/dropbear-humanoid-robot/dropbear/install/dropbear/share/dropbear/meshes/leftleg/conjstraint-knee-test-oute_MIR_1.stl
[0.987s] -- Up-to-date: /home/gateway/dropbear-humanoid-robot/dropbear/install/dropbear/share/dropbear/meshes/leftleg/400mmexal_MIR2_MIR3_1.stl
[0.987s] -- Up-to-date: /home/gateway/dropbear-humanoid-robot/dropbear/install/dropbear/share/dropbear/meshes/leftleg/ankle-motor-driver-bracketleft_1.stl
[0.987s] -- Up-to-date: /home/gateway/dropbear-humanoid-robot/dropbear/install/dropbear/share/dropbear/meshes/leftleg/foot-top_1.stl
[0.987s] -- Up-to-date: /home/gateway/dropbear-humanoid-robot/dropbear/install/dropbear/share/dropbear/meshes/leftleg/hip-ex-al-base_MIR_1.stl
[0.988s] -- Up-to-date: /home/gateway/dropbear-humanoid-robot/dropbear/install/dropbear/share/dropbear/meshes/leftleg/multiplex-stack_1.stl
[0.988s] -- Up-to-date: /home/gateway/dropbear-humanoid-robot/dropbear/install/dropbear/share/dropbear/meshes/leftleg/tie-rod-ankle-brackket_left_1.stl
[0.988s] -- Up-to-date: /home/gateway/dropbear-humanoid-robot/dropbear/install/dropbear/share/dropbear/meshes/leftarm
[0.988s] -- Up-to-date: /home/gateway/dropbear-humanoid-robot/dropbear/install/dropbear/share/dropbear/meshes/leftarm/forearm-elbow-motor-bracket-inner_1.stl
[0.988s] -- Up-to-date: /home/gateway/dropbear-humanoid-robot/dropbear/install/dropbear/share/dropbear/meshes/leftarm/top-bracket-servo-strap_1.stl
[0.988s] -- Up-to-date: /home/gateway/dropbear-humanoid-robot/dropbear/install/dropbear/share/dropbear/meshes/leftarm/MG995__4__1.stl
[0.988s] -- Up-to-date: /home/gateway/dropbear-humanoid-robot/dropbear/install/dropbear/share/dropbear/meshes/leftarm/RMD-X8-Pro_MIR8_MIR1__4__1.stl
[0.988s] -- Up-to-date: /home/gateway/dropbear-humanoid-robot/dropbear/install/dropbear/share/dropbear/meshes/leftarm/MG995__6__1.stl
[0.988s] -- Up-to-date: /home/gateway/dropbear-humanoid-robot/dropbear/install/dropbear/share/dropbear/meshes/leftarm/fore-arm-bicep-motor-attatch_1.stl
[0.988s] -- Up-to-date: /home/gateway/dropbear-humanoid-robot/dropbear/install/dropbear/share/dropbear/meshes/leftarm/arm-cuff-bicep-bracket_1.stl
[0.988s] -- Up-to-date: /home/gateway/dropbear-humanoid-robot/dropbear/install/dropbear/share/dropbear/meshes/leftarm/bicep-rear-motor-adapter_1.stl
[0.988s] -- Up-to-date: /home/gateway/dropbear-humanoid-robot/dropbear/install/dropbear/share/dropbear/meshes/leftarm/shoulder-ex-al-interface__2__1.stl
[0.988s] -- Up-to-date: /home/gateway/dropbear-humanoid-robot/dropbear/install/dropbear/share/dropbear/meshes/leftarm/6mm-bearing__2__1.stl
[0.989s] -- Up-to-date: /home/gateway/dropbear-humanoid-robot/dropbear/install/dropbear/share/dropbear/meshes/leftarm/6mm-bearing__4__1.stl
[0.989s] -- Up-to-date: /home/gateway/dropbear-humanoid-robot/dropbear/install/dropbear/share/dropbear/meshes/leftarm/skateboard-bearing__7__1.stl
[0.989s] -- Up-to-date: /home/gateway/dropbear-humanoid-robot/dropbear/install/dropbear/share/dropbear/meshes/leftarm/6mm-bearing__6__1.stl
[0.989s] -- Up-to-date: /home/gateway/dropbear-humanoid-robot/dropbear/install/dropbear/share/dropbear/meshes/leftarm/MG995__2__1.stl
[0.989s] -- Up-to-date: /home/gateway/dropbear-humanoid-robot/dropbear/install/dropbear/share/dropbear/meshes/leftarm/6mm-bearing__3__1.stl
[0.989s] -- Up-to-date: /home/gateway/dropbear-humanoid-robot/dropbear/install/dropbear/share/dropbear/meshes/leftarm/yaw-waist-adapter-motor-exal_MIR1_1.stl
[0.989s] -- Up-to-date: /home/gateway/dropbear-humanoid-robot/dropbear/install/dropbear/share/dropbear/meshes/leftarm/RMD-X8-Pro_MIR8_MIR1__2__1.stl
[0.989s] -- Up-to-date: /home/gateway/dropbear-humanoid-robot/dropbear/install/dropbear/share/dropbear/meshes/leftarm/2020_100mm__10__1.stl
[0.989s] -- Up-to-date: /home/gateway/dropbear-humanoid-robot/dropbear/install/dropbear/share/dropbear/meshes/leftarm/shoulder-cap_1.stl
[0.989s] -- Up-to-date: /home/gateway/dropbear-humanoid-robot/dropbear/install/dropbear/share/dropbear/meshes/leftarm/shoulder-roll-al-mot_MIR1__3__1.stl
[0.989s] -- Up-to-date: /home/gateway/dropbear-humanoid-robot/dropbear/install/dropbear/share/dropbear/meshes/leftarm/top-bracket-servo-strap__1__1.stl
[0.989s] -- Up-to-date: /home/gateway/dropbear-humanoid-robot/dropbear/install/dropbear/share/dropbear/meshes/leftarm/shoulder-ex-al-interface_1.stl
[0.989s] -- Up-to-date: /home/gateway/dropbear-humanoid-robot/dropbear/install/dropbear/share/dropbear/meshes/leftarm/base_link.stl
[0.989s] -- Up-to-date: /home/gateway/dropbear-humanoid-robot/dropbear/install/dropbear/share/dropbear/meshes/leftarm/shoulder-roll-al-mot_MIR1__1__1.stl
[0.989s] -- Up-to-date: /home/gateway/dropbear-humanoid-robot/dropbear/install/dropbear/share/dropbear/meshes/leftarm/RMD-X8-Pro_MIR8_MIR1__3__1.stl
[0.989s] -- Up-to-date: /home/gateway/dropbear-humanoid-robot/dropbear/install/dropbear/share/dropbear/meshes/leftarm/second-forearm-motor-strap_1.stl
[0.990s] -- Up-to-date: /home/gateway/dropbear-humanoid-robot/dropbear/install/dropbear/share/dropbear/meshes/leftarm/yaw-cap_1.stl
[0.990s] -- Up-to-date: /home/gateway/dropbear-humanoid-robot/dropbear/install/dropbear/share/dropbear/meshes/leftarm/bicep-motor-mate_1.stl
[0.990s] -- Up-to-date: /home/gateway/dropbear-humanoid-robot/dropbear/install/dropbear/share/dropbear/meshes/leftarm/6mm-bearing_1.stl
[0.990s] -- Up-to-date: /home/gateway/dropbear-humanoid-robot/dropbear/install/dropbear/share/dropbear/meshes/leftarm/bicep-rotational-cuff-second-motor-bracket_1.stl
[0.990s] -- Up-to-date: /home/gateway/dropbear-humanoid-robot/dropbear/install/dropbear/share/dropbear/meshes/leftarm/MG995__1__1.stl
[0.990s] -- Up-to-date: /home/gateway/dropbear-humanoid-robot/dropbear/install/dropbear/share/dropbear/meshes/leftarm/6mm-bearing__7__1.stl
[0.990s] -- Up-to-date: /home/gateway/dropbear-humanoid-robot/dropbear/install/dropbear/share/dropbear/meshes/leftarm/2020_100mm__11__1.stl
[0.990s] -- Up-to-date: /home/gateway/dropbear-humanoid-robot/dropbear/install/dropbear/share/dropbear/meshes/leftarm/bicep_1.stl
[0.990s] -- Up-to-date: /home/gateway/dropbear-humanoid-robot/dropbear/install/dropbear/share/dropbear/meshes/leftarm/shoulder-ex-al-interface__1__1.stl
[0.990s] -- Up-to-date: /home/gateway/dropbear-humanoid-robot/dropbear/install/dropbear/share/dropbear/meshes/leftarm/yaw-waist-adapter-motor-exal_MIR1__5__1.stl
[0.990s] -- Up-to-date: /home/gateway/dropbear-humanoid-robot/dropbear/install/dropbear/share/dropbear/meshes/leftarm/bicep-shoulder-bracket-exal__3__1.stl
[0.990s] -- Up-to-date: /home/gateway/dropbear-humanoid-robot/dropbear/install/dropbear/share/dropbear/meshes/leftarm/6mm-bearing__5__1.stl
[0.990s] -- Up-to-date: /home/gateway/dropbear-humanoid-robot/dropbear/install/dropbear/share/dropbear/meshes/leftarm/6mm-bearing__1__1.stl
[0.990s] -- Up-to-date: /home/gateway/dropbear-humanoid-robot/dropbear/install/dropbear/share/dropbear/meshes/leftarm/elbow-rear-hanger_1.stl
[0.990s] -- Up-to-date: /home/gateway/dropbear-humanoid-robot/dropbear/install/dropbear/share/dropbear/meshes/leftarm/power-mount-arm_1.stl
[0.991s] -- Up-to-date: /home/gateway/dropbear-humanoid-robot/dropbear/install/dropbear/share/dropbear/meshes/leftarm/MG995_1.stl
[0.991s] -- Up-to-date: /home/gateway/dropbear-humanoid-robot/dropbear/install/dropbear/share/dropbear/meshes/leftarm/forearm-elbow-motor-bracket-inner2_1.stl
[0.991s] -- Up-to-date: /home/gateway/dropbear-humanoid-robot/dropbear/install/dropbear/share/dropbear/meshes/leftarm/shoulder-roll-al-mot_MIR1__2__1.stl
[0.991s] -- Up-to-date: /home/gateway/dropbear-humanoid-robot/dropbear/install/dropbear/share/dropbear/meshes/leftarm/bicep-shoulder-bracket-exal_1.stl
[0.991s] -- Up-to-date: /home/gateway/dropbear-humanoid-robot/dropbear/install/dropbear/share/dropbear/meshes/leftarm/elbow-hangar_1.stl
[0.991s] -- Up-to-date: /home/gateway/dropbear-humanoid-robot/dropbear/install/dropbear/share/dropbear/meshes/leftarm/shoulder-roll-al-mot_MIR1_1.stl
[0.991s] -- Up-to-date: /home/gateway/dropbear-humanoid-robot/dropbear/install/dropbear/share/dropbear/meshes/leftarm/6mm-bearing__9__1.stl
[0.991s] -- Up-to-date: /home/gateway/dropbear-humanoid-robot/dropbear/install/dropbear/share/dropbear/meshes/leftarm/elbow-bridge-rear_1.stl
[0.991s] -- Up-to-date: /home/gateway/dropbear-humanoid-robot/dropbear/install/dropbear/share/dropbear/meshes/leftarm/multiplex-stack-flat_1.stl
[0.991s] -- Up-to-date: /home/gateway/dropbear-humanoid-robot/dropbear/install/dropbear/share/dropbear/meshes/leftarm/MG995__7__1.stl
[0.991s] -- Up-to-date: /home/gateway/dropbear-humanoid-robot/dropbear/install/dropbear/share/dropbear/meshes/leftarm/shoulder-front_1.stl
[0.991s] -- Up-to-date: /home/gateway/dropbear-humanoid-robot/dropbear/install/dropbear/share/dropbear/meshes/leftarm/2020_100mm__9__1.stl
[0.991s] -- Up-to-date: /home/gateway/dropbear-humanoid-robot/dropbear/install/dropbear/share/dropbear/meshes/leftarm/MG995__5__1.stl
[0.991s] -- Up-to-date: /home/gateway/dropbear-humanoid-robot/dropbear/install/dropbear/share/dropbear/meshes/leftarm/shoulder-motor-bicep-rotor-bracket_1.stl
[0.991s] -- Up-to-date: /home/gateway/dropbear-humanoid-robot/dropbear/install/dropbear/share/dropbear/meshes/leftarm/MG995__3__1.stl
[0.991s] -- Up-to-date: /home/gateway/dropbear-humanoid-robot/dropbear/install/dropbear/share/dropbear/meshes/leftarm/2020_100mm__8___1__1.stl
[0.991s] -- Up-to-date: /home/gateway/dropbear-humanoid-robot/dropbear/install/dropbear/share/dropbear/meshes/leftarm/bicep-shoulder-bracket-exal__2__1.stl
[0.991s] -- Up-to-date: /home/gateway/dropbear-humanoid-robot/dropbear/install/dropbear/share/dropbear/meshes/leftarm/elbow-hangar1_1.stl
[0.992s] -- Up-to-date: /home/gateway/dropbear-humanoid-robot/dropbear/install/dropbear/share/dropbear/meshes/leftarm/6mm-bearing__8__1.stl
[0.992s] -- Up-to-date: /home/gateway/dropbear-humanoid-robot/dropbear/install/dropbear/share/dropbear/meshes/leftarm/RMD-X8-Pro_MIR8_MIR1__1__1.stl
[0.992s] -- Up-to-date: /home/gateway/dropbear-humanoid-robot/dropbear/install/dropbear/share/dropbear/meshes/leftarm/straight-tendon_1.stl
[0.992s] -- Up-to-date: /home/gateway/dropbear-humanoid-robot/dropbear/install/dropbear/share/dropbear/meshes/leftarm/elbow-bridge-rear__1__1.stl
[0.992s] -- Up-to-date: /home/gateway/dropbear-humanoid-robot/dropbear/install/dropbear/share/dropbear/meshes/leftarm/shoulder-front-bearing-adapter_1.stl
[0.992s] -- Up-to-date: /home/gateway/dropbear-humanoid-robot/dropbear/install/dropbear/share/dropbear/meshes/leftarm/elbow-rear-hanger__1__1.stl
[0.992s] -- Up-to-date: /home/gateway/dropbear-humanoid-robot/dropbear/install/dropbear/share/dropbear/meshes/leftarm/fan-mount_1.stl
[0.992s] -- Up-to-date: /home/gateway/dropbear-humanoid-robot/dropbear/install/dropbear/share/dropbear/meshes/leftarm/bicep-shoulder-bracket-exal__1__1.stl
[0.992s] -- Up-to-date: /home/gateway/dropbear-humanoid-robot/dropbear/install/dropbear/share/dropbear/meshes/leftarm/front-bearing-adapter-shoulder_1.stl
[0.992s] -- Up-to-date: /home/gateway/dropbear-humanoid-robot/dropbear/install/dropbear/share/dropbear/meshes/pelvicgirdle
[0.993s] -- Up-to-date: /home/gateway/dropbear-humanoid-robot/dropbear/install/dropbear/share/dropbear/meshes/pelvicgirdle/center-waist-aluminum-strap_1.stl
[0.993s] -- Up-to-date: /home/gateway/dropbear-humanoid-robot/dropbear/install/dropbear/share/dropbear/meshes/pelvicgirdle/naval__1__1.stl
[0.993s] -- Up-to-date: /home/gateway/dropbear-humanoid-robot/dropbear/install/dropbear/share/dropbear/meshes/pelvicgirdle/groin-square__1__1.stl
[0.993s] -- Up-to-date: /home/gateway/dropbear-humanoid-robot/dropbear/install/dropbear/share/dropbear/meshes/pelvicgirdle/yaw-waist-adapter-motor-exal_MIR1__4__1.stl
[0.993s] -- Up-to-date: /home/gateway/dropbear-humanoid-robot/dropbear/install/dropbear/share/dropbear/meshes/pelvicgirdle/RMD-X10-S2_MIR4__2_Rotor_1.stl
[0.994s] -- Up-to-date: /home/gateway/dropbear-humanoid-robot/dropbear/install/dropbear/share/dropbear/meshes/pelvicgirdle/skateboard-bearing__4__1.stl
[0.994s] -- Up-to-date: /home/gateway/dropbear-humanoid-robot/dropbear/install/dropbear/share/dropbear/meshes/pelvicgirdle/100m__1__1.stl
[0.994s] -- Up-to-date: /home/gateway/dropbear-humanoid-robot/dropbear/install/dropbear/share/dropbear/meshes/pelvicgirdle/front-motor-roll-nut_1.stl
[0.994s] -- Up-to-date: /home/gateway/dropbear-humanoid-robot/dropbear/install/dropbear/share/dropbear/meshes/pelvicgirdle/skateboard-bearing__2__1.stl
[0.995s] -- Up-to-date: /home/gateway/dropbear-humanoid-robot/dropbear/install/dropbear/share/dropbear/meshes/pelvicgirdle/RMD-X10-V3__1_Stator_1.stl
[0.995s] -- Up-to-date: /home/gateway/dropbear-humanoid-robot/dropbear/install/dropbear/share/dropbear/meshes/pelvicgirdle/butt-mag__1__1.stl
[0.995s] -- Up-to-date: /home/gateway/dropbear-humanoid-robot/dropbear/install/dropbear/share/dropbear/meshes/pelvicgirdle/inner-rear-rocker-bracket_1.stl
[0.995s] -- Up-to-date: /home/gateway/dropbear-humanoid-robot/dropbear/install/dropbear/share/dropbear/meshes/pelvicgirdle/2020_100mm__3___1__1.stl
[0.995s] -- Up-to-date: /home/gateway/dropbear-humanoid-robot/dropbear/install/dropbear/share/dropbear/meshes/pelvicgirdle/100m_1.stl
[0.995s] -- Up-to-date: /home/gateway/dropbear-humanoid-robot/dropbear/install/dropbear/share/dropbear/meshes/pelvicgirdle/center-band-brick__6__1.stl
[0.995s] -- Up-to-date: /home/gateway/dropbear-humanoid-robot/dropbear/install/dropbear/share/dropbear/meshes/pelvicgirdle/yaw-waist-adapter-motor-exal_MIR1__3__1.stl
[0.996s] -- Up-to-date: /home/gateway/dropbear-humanoid-robot/dropbear/install/dropbear/share/dropbear/meshes/pelvicgirdle/hip-roll-al-mot_MIR2_1.stl
[0.996s] -- Up-to-date: /home/gateway/dropbear-humanoid-robot/dropbear/install/dropbear/share/dropbear/meshes/pelvicgirdle/butt-center-rear-bracket_1.stl
[0.996s] -- Up-to-date: /home/gateway/dropbear-humanoid-robot/dropbear/install/dropbear/share/dropbear/meshes/pelvicgirdle/RMD-X10-V3Rotor_1.stl
[0.996s] -- Up-to-date: /home/gateway/dropbear-humanoid-robot/dropbear/install/dropbear/share/dropbear/meshes/pelvicgirdle/side-band-brick-double__1__1.stl
[0.996s] -- Up-to-date: /home/gateway/dropbear-humanoid-robot/dropbear/install/dropbear/share/dropbear/meshes/pelvicgirdle/front-motor-roll-nut__1__1.stl
[0.996s] -- Up-to-date: /home/gateway/dropbear-humanoid-robot/dropbear/install/dropbear/share/dropbear/meshes/pelvicgirdle/100m__3__1.stl
[0.997s] -- Up-to-date: /home/gateway/dropbear-humanoid-robot/dropbear/install/dropbear/share/dropbear/meshes/pelvicgirdle/side-band-brick-double__2__1.stl
[0.997s] -- Up-to-date: /home/gateway/dropbear-humanoid-robot/dropbear/install/dropbear/share/dropbear/meshes/pelvicgirdle/skateboard-bearing__1__1.stl
[0.997s] -- Up-to-date: /home/gateway/dropbear-humanoid-robot/dropbear/install/dropbear/share/dropbear/meshes/pelvicgirdle/base_link.stl
[0.997s] -- Up-to-date: /home/gateway/dropbear-humanoid-robot/dropbear/install/dropbear/share/dropbear/meshes/pelvicgirdle/hip-roll-al-mot_MIR2__3__1.stl
[0.997s] -- Up-to-date: /home/gateway/dropbear-humanoid-robot/dropbear/install/dropbear/share/dropbear/meshes/pelvicgirdle/groin-square_1.stl
[0.997s] -- Up-to-date: /home/gateway/dropbear-humanoid-robot/dropbear/install/dropbear/share/dropbear/meshes/pelvicgirdle/center-band-brick__5__1.stl
[0.997s] -- Up-to-date: /home/gateway/dropbear-humanoid-robot/dropbear/install/dropbear/share/dropbear/meshes/pelvicgirdle/skateboard-bearing__3__1.stl
[0.997s] -- Up-to-date: /home/gateway/dropbear-humanoid-robot/dropbear/install/dropbear/share/dropbear/meshes/pelvicgirdle/hip-roll-al-bracket_MIR__1__1.stl
[0.997s] -- Up-to-date: /home/gateway/dropbear-humanoid-robot/dropbear/install/dropbear/share/dropbear/meshes/pelvicgirdle/side-band-brick-double_1.stl
[0.997s] -- Up-to-date: /home/gateway/dropbear-humanoid-robot/dropbear/install/dropbear/share/dropbear/meshes/pelvicgirdle/hip-roll-al-mot_MIR2__1__1.stl
[0.997s] -- Up-to-date: /home/gateway/dropbear-humanoid-robot/dropbear/install/dropbear/share/dropbear/meshes/pelvicgirdle/RMD-X10-S2_MIR4__1_Stator_1.stl
[0.997s] -- Up-to-date: /home/gateway/dropbear-humanoid-robot/dropbear/install/dropbear/share/dropbear/meshes/pelvicgirdle/hip-roll-front-bracket-strap-motor__2__1.stl
[0.997s] -- Up-to-date: /home/gateway/dropbear-humanoid-robot/dropbear/install/dropbear/share/dropbear/meshes/pelvicgirdle/inner-rear-rocker-bracket_MIR_1.stl
[0.997s] -- Up-to-date: /home/gateway/dropbear-humanoid-robot/dropbear/install/dropbear/share/dropbear/meshes/pelvicgirdle/side-band-brick-double__3__1.stl
[0.997s] -- Up-to-date: /home/gateway/dropbear-humanoid-robot/dropbear/install/dropbear/share/dropbear/meshes/pelvicgirdle/hip-roll-al-mot_MIR2__2__1.stl
[0.997s] -- Up-to-date: /home/gateway/dropbear-humanoid-robot/dropbear/install/dropbear/share/dropbear/meshes/pelvicgirdle/front-bearing-strap__2__1.stl
[0.997s] -- Up-to-date: /home/gateway/dropbear-humanoid-robot/dropbear/install/dropbear/share/dropbear/meshes/pelvicgirdle/butt-adapter-large-motor__1__1.stl
[0.997s] -- Up-to-date: /home/gateway/dropbear-humanoid-robot/dropbear/install/dropbear/share/dropbear/meshes/pelvicgirdle/hip-roll-al-bracket_1.stl
[0.998s] -- Up-to-date: /home/gateway/dropbear-humanoid-robot/dropbear/install/dropbear/share/dropbear/meshes/pelvicgirdle/RMD-X10-S2_MIR4__2_Stator_1.stl
[0.998s] -- Up-to-date: /home/gateway/dropbear-humanoid-robot/dropbear/install/dropbear/share/dropbear/meshes/pelvicgirdle/butt-mag_1.stl
[0.998s] -- Up-to-date: /home/gateway/dropbear-humanoid-robot/dropbear/install/dropbear/share/dropbear/meshes/pelvicgirdle/RMD-X10-V3__1_Rotor_1.stl
[0.998s] -- Up-to-date: /home/gateway/dropbear-humanoid-robot/dropbear/install/dropbear/share/dropbear/meshes/pelvicgirdle/lumbare_1.stl
[0.998s] -- Up-to-date: /home/gateway/dropbear-humanoid-robot/dropbear/install/dropbear/share/dropbear/meshes/pelvicgirdle/motor-yaw-cap_1.stl
[0.998s] -- Up-to-date: /home/gateway/dropbear-humanoid-robot/dropbear/install/dropbear/share/dropbear/meshes/pelvicgirdle/100m__4__1.stl
[0.998s] -- Up-to-date: /home/gateway/dropbear-humanoid-robot/dropbear/install/dropbear/share/dropbear/meshes/pelvicgirdle/bearing-torso-rocker-mount-rear_MIR_1.stl
[0.998s] -- Up-to-date: /home/gateway/dropbear-humanoid-robot/dropbear/install/dropbear/share/dropbear/meshes/pelvicgirdle/front-bearing-strap__1__1.stl
[0.998s] -- Up-to-date: /home/gateway/dropbear-humanoid-robot/dropbear/install/dropbear/share/dropbear/meshes/pelvicgirdle/motor-yaw-cap__3__1.stl
[0.998s] -- Up-to-date: /home/gateway/dropbear-humanoid-robot/dropbear/install/dropbear/share/dropbear/meshes/pelvicgirdle/hip-motor-bracket-v5-right_MIR_MIR2_1.stl
[0.998s] -- Up-to-date: /home/gateway/dropbear-humanoid-robot/dropbear/install/dropbear/share/dropbear/meshes/pelvicgirdle/2020_200mm__1___1__1.stl
[0.998s] -- Up-to-date: /home/gateway/dropbear-humanoid-robot/dropbear/install/dropbear/share/dropbear/meshes/pelvicgirdle/hip-roll-al-bracket__1__1.stl
[0.998s] -- Up-to-date: /home/gateway/dropbear-humanoid-robot/dropbear/install/dropbear/share/dropbear/meshes/pelvicgirdle/2020_100mm__2___1__1.stl
[0.998s] -- Up-to-date: /home/gateway/dropbear-humanoid-robot/dropbear/install/dropbear/share/dropbear/meshes/pelvicgirdle/butt-adapter-large-motor_1.stl
[0.999s] -- Up-to-date: /home/gateway/dropbear-humanoid-robot/dropbear/install/dropbear/share/dropbear/meshes/pelvicgirdle/RMD-X10-V3Stator_1.stl
[0.999s] -- Up-to-date: /home/gateway/dropbear-humanoid-robot/dropbear/install/dropbear/share/dropbear/meshes/pelvicgirdle/yaw-waist-adapter-motor-exal_MIR1__1___1__1.stl
[0.999s] -- Up-to-date: /home/gateway/dropbear-humanoid-robot/dropbear/install/dropbear/share/dropbear/meshes/pelvicgirdle/center-bracket-waist-hips_1.stl
[0.999s] -- Up-to-date: /home/gateway/dropbear-humanoid-robot/dropbear/install/dropbear/share/dropbear/meshes/pelvicgirdle/dumLeftLeg_1.stl
[0.999s] -- Up-to-date: /home/gateway/dropbear-humanoid-robot/dropbear/install/dropbear/share/dropbear/meshes/pelvicgirdle/2020_100mm__5___1__1.stl
[0.999s] -- Up-to-date: /home/gateway/dropbear-humanoid-robot/dropbear/install/dropbear/share/dropbear/meshes/pelvicgirdle/motor-yaw-cap__2__1.stl
[0.999s] -- Up-to-date: /home/gateway/dropbear-humanoid-robot/dropbear/install/dropbear/share/dropbear/meshes/pelvicgirdle/2020_100mm__6___1__1.stl
[0.999s] -- Up-to-date: /home/gateway/dropbear-humanoid-robot/dropbear/install/dropbear/share/dropbear/meshes/pelvicgirdle/hip-roll-front-bracket-strap-motor_1.stl
[0.999s] -- Up-to-date: /home/gateway/dropbear-humanoid-robot/dropbear/install/dropbear/share/dropbear/meshes/pelvicgirdle/bearing-torso-rocker-mount-rear_1.stl
[0.999s] -- Up-to-date: /home/gateway/dropbear-humanoid-robot/dropbear/install/dropbear/share/dropbear/meshes/pelvicgirdle/RMD-X10-S2_MIR4__1_Rotor_1.stl
[0.999s] -- Up-to-date: /home/gateway/dropbear-humanoid-robot/dropbear/install/dropbear/share/dropbear/meshes/pelvicgirdle/bearing-rocker-rear__1__1.stl
[0.999s] -- Up-to-date: /home/gateway/dropbear-humanoid-robot/dropbear/install/dropbear/share/dropbear/meshes/pelvicgirdle/6band__3__1.stl
[0.999s] -- Up-to-date: /home/gateway/dropbear-humanoid-robot/dropbear/install/dropbear/share/dropbear/meshes/pelvicgirdle/front-bearing-strap_1.stl
[1.000s] -- Up-to-date: /home/gateway/dropbear-humanoid-robot/dropbear/install/dropbear/share/dropbear/meshes/pelvicgirdle/encoder-magnet-leg__1__1.stl
[1.000s] -- Up-to-date: /home/gateway/dropbear-humanoid-robot/dropbear/install/dropbear/share/dropbear/meshes/pelvicgirdle/hip-roll-front-bracket-strap-motor__3__1.stl
[1.000s] -- Up-to-date: /home/gateway/dropbear-humanoid-robot/dropbear/install/dropbear/share/dropbear/meshes/pelvicgirdle/skateboard-bearing__6__1.stl
[1.000s] -- Up-to-date: /home/gateway/dropbear-humanoid-robot/dropbear/install/dropbear/share/dropbear/meshes/pelvicgirdle/hip-roll-front-bracket-strap-motor__1__1.stl
[1.000s] -- Up-to-date: /home/gateway/dropbear-humanoid-robot/dropbear/install/dropbear/share/dropbear/meshes/pelvicgirdle/dumRightLeg_1.stl
[1.000s] -- Up-to-date: /home/gateway/dropbear-humanoid-robot/dropbear/install/dropbear/share/dropbear/meshes/pelvicgirdle/motor-yaw-cap__4__1.stl
[1.000s] -- Up-to-date: /home/gateway/dropbear-humanoid-robot/dropbear/install/dropbear/share/dropbear/meshes/pelvicgirdle/hard-limit_1.stl
[1.000s] -- Up-to-date: /home/gateway/dropbear-humanoid-robot/dropbear/install/dropbear/share/dropbear/meshes/pelvicgirdle/hip-roll-al-bracket_MIR_1.stl
[1.000s] -- Up-to-date: /home/gateway/dropbear-humanoid-robot/dropbear/install/dropbear/share/dropbear/meshes/pelvicgirdle/6band__4__1.stl
[1.000s] -- Up-to-date: /home/gateway/dropbear-humanoid-robot/dropbear/install/dropbear/share/dropbear/meshes/pelvicgirdle/100m__2__1.stl
[1.000s] -- Up-to-date: /home/gateway/dropbear-humanoid-robot/dropbear/install/dropbear/share/dropbear/meshes/pelvicgirdle/hip-yaw-chromatic-encoder_1.stl
[1.000s] -- Up-to-date: /home/gateway/dropbear-humanoid-robot/dropbear/install/dropbear/share/dropbear/meshes/pelvicgirdle/encoder-butt__1__1.stl
[1.001s] -- Up-to-date: /home/gateway/dropbear-humanoid-robot/dropbear/install/dropbear/share/dropbear/meshes/pelvicgirdle/2020_100mm__4___1__1.stl
[1.001s] -- Up-to-date: /home/gateway/dropbear-humanoid-robot/dropbear/install/dropbear/share/dropbear/meshes/pelvicgirdle/motor-yaw-cap__1__1.stl
[1.001s] -- Up-to-date: /home/gateway/dropbear-humanoid-robot/dropbear/install/dropbear/share/dropbear/meshes/pelvicgirdle/yaw-waist-adapter-motor-exal_MIR1__2__1.stl
[1.001s] -- Up-to-date: /home/gateway/dropbear-humanoid-robot/dropbear/install/dropbear/share/dropbear/meshes/pelvicgirdle/encoder-magnet-leg_1.stl
[1.001s] -- Up-to-date: /home/gateway/dropbear-humanoid-robot/dropbear/install/dropbear/share/dropbear/meshes/pelvicgirdle/hips-front-mount_1.stl
[1.001s] -- Up-to-date: /home/gateway/dropbear-humanoid-robot/dropbear/install/dropbear/share/dropbear/meshes/pelvicgirdle/encoder-butt_1.stl
[1.001s] -- Up-to-date: /home/gateway/dropbear-humanoid-robot/dropbear/install/dropbear/share/dropbear/meshes/pelvicgirdle/2020_100mm__7___1__1.stl
[1.001s] -- Up-to-date: /home/gateway/dropbear-humanoid-robot/dropbear/install/dropbear/share/dropbear/meshes/pelvicgirdle/motor-yaw-cap__5__1.stl
[1.001s] -- Up-to-date: /home/gateway/dropbear-humanoid-robot/dropbear/install/dropbear/share/dropbear/meshes/pelvicgirdle/2020_100mm__1___1__1.stl
[1.001s] -- Up-to-date: /home/gateway/dropbear-humanoid-robot/dropbear/install/dropbear/share/dropbear/meshes/pelvicgirdle/hard-limit_MIR_1.stl
[1.001s] -- Up-to-date: /home/gateway/dropbear-humanoid-robot/dropbear/install/dropbear/share/dropbear/meshes/pelvicgirdle/skateboard-bearing__5__1.stl
[1.001s] -- Up-to-date: /home/gateway/dropbear-humanoid-robot/dropbear/install/dropbear/share/dropbear/meshes/pelvicgirdle/bearing-rocker-rear_1.stl
[1.001s] -- Up-to-date: /home/gateway/dropbear-humanoid-robot/dropbear/install/dropbear/share/dropbear/meshes/torso
[1.001s] -- Up-to-date: /home/gateway/dropbear-humanoid-robot/dropbear/install/dropbear/share/dropbear/meshes/torso/2020_100mm__5__1.stl
[1.002s] -- Up-to-date: /home/gateway/dropbear-humanoid-robot/dropbear/install/dropbear/share/dropbear/meshes/torso/front-right-shoulder_1.stl
[1.002s] -- Up-to-date: /home/gateway/dropbear-humanoid-robot/dropbear/install/dropbear/share/dropbear/meshes/torso/right-rear-shoulder_MIR_1.stl
[1.002s] -- Up-to-date: /home/gateway/dropbear-humanoid-robot/dropbear/install/dropbear/share/dropbear/meshes/torso/head-power-supply-bracket_1.stl
[1.002s] -- Up-to-date: /home/gateway/dropbear-humanoid-robot/dropbear/install/dropbear/share/dropbear/meshes/torso/2020_200mm__8__1.stl
[1.002s] -- Up-to-date: /home/gateway/dropbear-humanoid-robot/dropbear/install/dropbear/share/dropbear/meshes/torso/handle__1__1.stl
[1.002s] -- Up-to-date: /home/gateway/dropbear-humanoid-robot/dropbear/install/dropbear/share/dropbear/meshes/torso/voltage-meter_1.stl
[1.002s] -- Up-to-date: /home/gateway/dropbear-humanoid-robot/dropbear/install/dropbear/share/dropbear/meshes/torso/back-middle-strap_1.stl
[1.002s] -- Up-to-date: /home/gateway/dropbear-humanoid-robot/dropbear/install/dropbear/share/dropbear/meshes/torso/2020_300mm_1.stl
[1.002s] -- Up-to-date: /home/gateway/dropbear-humanoid-robot/dropbear/install/dropbear/share/dropbear/meshes/torso/button-holder_1.stl
[1.002s] -- Up-to-date: /home/gateway/dropbear-humanoid-robot/dropbear/install/dropbear/share/dropbear/meshes/torso/rear-left-spine-support_1.stl
[1.002s] -- Up-to-date: /home/gateway/dropbear-humanoid-robot/dropbear/install/dropbear/share/dropbear/meshes/torso/right-shoulder-motor-adapter_MIR_1.stl
[1.002s] -- Up-to-date: /home/gateway/dropbear-humanoid-robot/dropbear/install/dropbear/share/dropbear/meshes/torso/2020_200mm__3__1.stl
[1.003s] -- Up-to-date: /home/gateway/dropbear-humanoid-robot/dropbear/install/dropbear/share/dropbear/meshes/torso/RMD-X10__1_Stator_1.stl
[1.003s] -- Up-to-date: /home/gateway/dropbear-humanoid-robot/dropbear/install/dropbear/share/dropbear/meshes/torso/2020_200mm__5__1.stl
[1.003s] -- Up-to-date: /home/gateway/dropbear-humanoid-robot/dropbear/install/dropbear/share/dropbear/meshes/torso/2020_100mm__3__1.stl
[1.003s] -- Up-to-date: /home/gateway/dropbear-humanoid-robot/dropbear/install/dropbear/share/dropbear/meshes/torso/2020_350mm_1.stl
[1.003s] -- Up-to-date: /home/gateway/dropbear-humanoid-robot/dropbear/install/dropbear/share/dropbear/meshes/torso/handle_1.stl
[1.003s] -- Up-to-date: /home/gateway/dropbear-humanoid-robot/dropbear/install/dropbear/share/dropbear/meshes/torso/2020_100mm__2__1.stl
[1.003s] -- Up-to-date: /home/gateway/dropbear-humanoid-robot/dropbear/install/dropbear/share/dropbear/meshes/torso/right-front-rib-lower_1.stl
[1.003s] -- Up-to-date: /home/gateway/dropbear-humanoid-robot/dropbear/install/dropbear/share/dropbear/meshes/torso/6band__1__1.stl
[1.003s] -- Up-to-date: /home/gateway/dropbear-humanoid-robot/dropbear/install/dropbear/share/dropbear/meshes/torso/2020_150mm__3__1.stl
[1.003s] -- Up-to-date: /home/gateway/dropbear-humanoid-robot/dropbear/install/dropbear/share/dropbear/meshes/torso/RMD-X10Stator_1.stl
[1.003s] -- Up-to-date: /home/gateway/dropbear-humanoid-robot/dropbear/install/dropbear/share/dropbear/meshes/torso/2020_200mm__7__1.stl
[1.004s] -- Up-to-date: /home/gateway/dropbear-humanoid-robot/dropbear/install/dropbear/share/dropbear/meshes/torso/left-front-rib-lower_1.stl
[1.004s] -- Up-to-date: /home/gateway/dropbear-humanoid-robot/dropbear/install/dropbear/share/dropbear/meshes/torso/right-shoulder-motor-adapter_1.stl
[1.004s] -- Up-to-date: /home/gateway/dropbear-humanoid-robot/dropbear/install/dropbear/share/dropbear/meshes/torso/2020_200mm_1.stl
[1.004s] -- Up-to-date: /home/gateway/dropbear-humanoid-robot/dropbear/install/dropbear/share/dropbear/meshes/torso/base_link.stl
[1.004s] -- Up-to-date: /home/gateway/dropbear-humanoid-robot/dropbear/install/dropbear/share/dropbear/meshes/torso/back-middle-strap__1__1.stl
[1.004s] -- Up-to-date: /home/gateway/dropbear-humanoid-robot/dropbear/install/dropbear/share/dropbear/meshes/torso/neck-chest-interface2_1.stl
[1.004s] -- Up-to-date: /home/gateway/dropbear-humanoid-robot/dropbear/install/dropbear/share/dropbear/meshes/torso/Power_Converter__1__1.stl
[1.004s] -- Up-to-date: /home/gateway/dropbear-humanoid-robot/dropbear/install/dropbear/share/dropbear/meshes/torso/back-bottom-strap-spine__1__1.stl
[1.004s] -- Up-to-date: /home/gateway/dropbear-humanoid-robot/dropbear/install/dropbear/share/dropbear/meshes/torso/2020_100mm__1__1.stl
[1.004s] -- Up-to-date: /home/gateway/dropbear-humanoid-robot/dropbear/install/dropbear/share/dropbear/meshes/torso/dumLeftArm_1.stl
[1.004s] -- Up-to-date: /home/gateway/dropbear-humanoid-robot/dropbear/install/dropbear/share/dropbear/meshes/torso/2020_200mm__2__1.stl
[1.004s] -- Up-to-date: /home/gateway/dropbear-humanoid-robot/dropbear/install/dropbear/share/dropbear/meshes/torso/right-shoulder-top_1.stl
[1.004s] -- Up-to-date: /home/gateway/dropbear-humanoid-robot/dropbear/install/dropbear/share/dropbear/meshes/torso/killswitch-spine-interface_1.stl
[1.005s] -- Up-to-date: /home/gateway/dropbear-humanoid-robot/dropbear/install/dropbear/share/dropbear/meshes/torso/back-top__1__1.stl
[1.005s] -- Up-to-date: /home/gateway/dropbear-humanoid-robot/dropbear/install/dropbear/share/dropbear/meshes/torso/rear-left-spine-support_MIR_1.stl
[1.005s] -- Up-to-date: /home/gateway/dropbear-humanoid-robot/dropbear/install/dropbear/share/dropbear/meshes/torso/RMD-X10Rotot_1.stl
[1.005s] -- Up-to-date: /home/gateway/dropbear-humanoid-robot/dropbear/install/dropbear/share/dropbear/meshes/torso/2020_100mm__7__1.stl
[1.005s] -- Up-to-date: /home/gateway/dropbear-humanoid-robot/dropbear/install/dropbear/share/dropbear/meshes/torso/right-battery-mount_1.stl
[1.005s] -- Up-to-date: /home/gateway/dropbear-humanoid-robot/dropbear/install/dropbear/share/dropbear/meshes/torso/back-bottom-strap-spine_1.stl
[1.005s] -- Up-to-date: /home/gateway/dropbear-humanoid-robot/dropbear/install/dropbear/share/dropbear/meshes/torso/RMD-X10__1_Rotor_1.stl
[1.005s] -- Up-to-date: /home/gateway/dropbear-humanoid-robot/dropbear/install/dropbear/share/dropbear/meshes/torso/2020_150mm__1__1.stl
[1.005s] -- Up-to-date: /home/gateway/dropbear-humanoid-robot/dropbear/install/dropbear/share/dropbear/meshes/torso/right-shoulder-top1_1.stl
[1.006s] -- Up-to-date: /home/gateway/dropbear-humanoid-robot/dropbear/install/dropbear/share/dropbear/meshes/torso/left-lower-rib-side_1.stl
[1.006s] -- Up-to-date: /home/gateway/dropbear-humanoid-robot/dropbear/install/dropbear/share/dropbear/meshes/torso/right-shoulder-under1_1.stl
[1.006s] -- Up-to-date: /home/gateway/dropbear-humanoid-robot/dropbear/install/dropbear/share/dropbear/meshes/torso/right-shoulder-under_1.stl
[1.006s] -- Up-to-date: /home/gateway/dropbear-humanoid-robot/dropbear/install/dropbear/share/dropbear/meshes/torso/2020_200mm__6__1.stl
[1.006s] -- Up-to-date: /home/gateway/dropbear-humanoid-robot/dropbear/install/dropbear/share/dropbear/meshes/torso/6band__2__1.stl
[1.006s] -- Up-to-date: /home/gateway/dropbear-humanoid-robot/dropbear/install/dropbear/share/dropbear/meshes/torso/2020_100mm__6__1.stl
[1.006s] -- Up-to-date: /home/gateway/dropbear-humanoid-robot/dropbear/install/dropbear/share/dropbear/meshes/torso/rear-right-shoulder_1.stl
[1.007s] -- Up-to-date: /home/gateway/dropbear-humanoid-robot/dropbear/install/dropbear/share/dropbear/meshes/torso/left-middle-rib_1.stl
[1.007s] -- Up-to-date: /home/gateway/dropbear-humanoid-robot/dropbear/install/dropbear/share/dropbear/meshes/torso/lumbar-strap_1.stl
[1.007s] -- Up-to-date: /home/gateway/dropbear-humanoid-robot/dropbear/install/dropbear/share/dropbear/meshes/torso/2020_100mm__8__1.stl
[1.007s] -- Up-to-date: /home/gateway/dropbear-humanoid-robot/dropbear/install/dropbear/share/dropbear/meshes/torso/2020_150mm__5__1.stl
[1.007s] -- Up-to-date: /home/gateway/dropbear-humanoid-robot/dropbear/install/dropbear/share/dropbear/meshes/torso/rear-left-rib_1.stl
[1.008s] -- Up-to-date: /home/gateway/dropbear-humanoid-robot/dropbear/install/dropbear/share/dropbear/meshes/torso/rear-right-shoulder_MIR_1.stl
[1.008s] -- Up-to-date: /home/gateway/dropbear-humanoid-robot/dropbear/install/dropbear/share/dropbear/meshes/torso/back-top_1.stl
[1.008s] -- Up-to-date: /home/gateway/dropbear-humanoid-robot/dropbear/install/dropbear/share/dropbear/meshes/torso/2020_150mm_1.stl
[1.009s] -- Up-to-date: /home/gateway/dropbear-humanoid-robot/dropbear/install/dropbear/share/dropbear/meshes/torso/battery-monitor-holder_1.stl
[1.009s] -- Up-to-date: /home/gateway/dropbear-humanoid-robot/dropbear/install/dropbear/share/dropbear/meshes/torso/left-battery-mount_1.stl
[1.009s] -- Up-to-date: /home/gateway/dropbear-humanoid-robot/dropbear/install/dropbear/share/dropbear/meshes/torso/2020_200mm__9__1.stl
[1.009s] -- Up-to-date: /home/gateway/dropbear-humanoid-robot/dropbear/install/dropbear/share/dropbear/meshes/torso/2020_150mm__4__1.stl
[1.009s] -- Up-to-date: /home/gateway/dropbear-humanoid-robot/dropbear/install/dropbear/share/dropbear/meshes/torso/rear-right-rib_1.stl
[1.009s] -- Up-to-date: /home/gateway/dropbear-humanoid-robot/dropbear/install/dropbear/share/dropbear/meshes/torso/right-middle-rib_1.stl
[1.009s] -- Up-to-date: /home/gateway/dropbear-humanoid-robot/dropbear/install/dropbear/share/dropbear/meshes/torso/2020_100mm__4__1.stl
[1.009s] -- Up-to-date: /home/gateway/dropbear-humanoid-robot/dropbear/install/dropbear/share/dropbear/meshes/torso/2020_200mm__4__1.stl
[1.010s] -- Up-to-date: /home/gateway/dropbear-humanoid-robot/dropbear/install/dropbear/share/dropbear/meshes/torso/naval-strap__1__1.stl
[1.010s] -- Up-to-date: /home/gateway/dropbear-humanoid-robot/dropbear/install/dropbear/share/dropbear/meshes/torso/2020_150mm__2__1.stl
[1.010s] -- Up-to-date: /home/gateway/dropbear-humanoid-robot/dropbear/install/dropbear/share/dropbear/meshes/torso/front-left-shoulder_1.stl
[1.010s] -- Up-to-date: /home/gateway/dropbear-humanoid-robot/dropbear/install/dropbear/share/dropbear/meshes/torso/2020_200mm__1__1.stl
[1.010s] -- Up-to-date: /home/gateway/dropbear-humanoid-robot/dropbear/install/dropbear/share/dropbear/meshes/torso/right-lower-rib-side_1.stl
[1.010s] -- Up-to-date: /home/gateway/dropbear-humanoid-robot/dropbear/install/dropbear/share/dropbear/meshes/torso/dumWaist_1.stl
[1.010s] -- Up-to-date: /home/gateway/dropbear-humanoid-robot/dropbear/install/dropbear/share/dropbear/meshes/torso/right-rear-shoulder_1.stl
[1.011s] -- Up-to-date: /home/gateway/dropbear-humanoid-robot/dropbear/install/dropbear/share/dropbear/meshes/torso/dumRightArm_1.stl
[1.011s] -- Up-to-date: /home/gateway/dropbear-humanoid-robot/dropbear/install/dropbear/share/dropbear/meshes/rightleg
[1.011s] -- Up-to-date: /home/gateway/dropbear-humanoid-robot/dropbear/install/dropbear/share/dropbear/meshes/rightleg/RMD-X10-S2_MIR4Stator_1.stl
[1.011s] -- Up-to-date: /home/gateway/dropbear-humanoid-robot/dropbear/install/dropbear/share/dropbear/meshes/rightleg/RMD-X8-Pro_MIR8_MIR1_2.stl
[1.011s] -- Up-to-date: /home/gateway/dropbear-humanoid-robot/dropbear/install/dropbear/share/dropbear/meshes/rightleg/skateboard-bearing_left_1.stl
[1.011s] -- Up-to-date: /home/gateway/dropbear-humanoid-robot/dropbear/install/dropbear/share/dropbear/meshes/rightleg/thigh-nub_1.stl
[1.011s] -- Up-to-date: /home/gateway/dropbear-humanoid-robot/dropbear/install/dropbear/share/dropbear/meshes/rightleg/210mm-tie-rod_v1_1.stl
[1.012s] -- Up-to-date: /home/gateway/dropbear-humanoid-robot/dropbear/install/dropbear/share/dropbear/meshes/rightleg/flank-front__1__1.stl
[1.012s] -- Up-to-date: /home/gateway/dropbear-humanoid-robot/dropbear/install/dropbear/share/dropbear/meshes/rightleg/calf-cover_1.stl
[1.012s] -- Up-to-date: /home/gateway/dropbear-humanoid-robot/dropbear/install/dropbear/share/dropbear/meshes/rightleg/magmount__1__1.stl
[1.012s] -- Up-to-date: /home/gateway/dropbear-humanoid-robot/dropbear/install/dropbear/share/dropbear/meshes/rightleg/bearingstrap_1.stl
[1.012s] -- Up-to-date: /home/gateway/dropbear-humanoid-robot/dropbear/install/dropbear/share/dropbear/meshes/rightleg/limit-bracket-knee_1.stl
[1.012s] -- Up-to-date: /home/gateway/dropbear-humanoid-robot/dropbear/install/dropbear/share/dropbear/meshes/rightleg/DumX290mm_1.stl
[1.012s] -- Up-to-date: /home/gateway/dropbear-humanoid-robot/dropbear/install/dropbear/share/dropbear/meshes/rightleg/tie-rod-ankle-brackket_left1_1.stl
[1.012s] -- Up-to-date: /home/gateway/dropbear-humanoid-robot/dropbear/install/dropbear/share/dropbear/meshes/rightleg/DumX210mm_1.stl
[1.012s] -- Up-to-date: /home/gateway/dropbear-humanoid-robot/dropbear/install/dropbear/share/dropbear/meshes/rightleg/2020_400mm_1.stl
[1.012s] -- Up-to-date: /home/gateway/dropbear-humanoid-robot/dropbear/install/dropbear/share/dropbear/meshes/rightleg/conjstraint-knee-test-oute_1.stl
[1.012s] -- Up-to-date: /home/gateway/dropbear-humanoid-robot/dropbear/install/dropbear/share/dropbear/meshes/rightleg/calf-motor-driver-ext_1.stl
[1.012s] -- Up-to-date: /home/gateway/dropbear-humanoid-robot/dropbear/install/dropbear/share/dropbear/meshes/rightleg/leg-thigh-knee-support-bottom_1.stl
[1.012s] -- Up-to-date: /home/gateway/dropbear-humanoid-robot/dropbear/install/dropbear/share/dropbear/meshes/rightleg/new-heel_1.stl
[1.012s] -- Up-to-date: /home/gateway/dropbear-humanoid-robot/dropbear/install/dropbear/share/dropbear/meshes/rightleg/ankle-side-bracket_2.stl
[1.012s] -- Up-to-date: /home/gateway/dropbear-humanoid-robot/dropbear/install/dropbear/share/dropbear/meshes/rightleg/skateboard-bearing__12__1.stl
[1.013s] -- Up-to-date: /home/gateway/dropbear-humanoid-robot/dropbear/install/dropbear/share/dropbear/meshes/rightleg/flank_1.stl
[1.013s] -- Up-to-date: /home/gateway/dropbear-humanoid-robot/dropbear/install/dropbear/share/dropbear/meshes/rightleg/flank__1__1.stl
[1.013s] -- Up-to-date: /home/gateway/dropbear-humanoid-robot/dropbear/install/dropbear/share/dropbear/meshes/rightleg/double-bracket-10deg_MIR_MIR_MIR_1.stl
[1.013s] -- Up-to-date: /home/gateway/dropbear-humanoid-robot/dropbear/install/dropbear/share/dropbear/meshes/rightleg/heel-bracket_left_1.stl
[1.013s] -- Up-to-date: /home/gateway/dropbear-humanoid-robot/dropbear/install/dropbear/share/dropbear/meshes/rightleg/basis_left_1.stl
[1.013s] -- Up-to-date: /home/gateway/dropbear-humanoid-robot/dropbear/install/dropbear/share/dropbear/meshes/rightleg/flank-front_1.stl
[1.013s] -- Up-to-date: /home/gateway/dropbear-humanoid-robot/dropbear/install/dropbear/share/dropbear/meshes/rightleg/2020_150mm__6__2.stl
[1.013s] -- Up-to-date: /home/gateway/dropbear-humanoid-robot/dropbear/install/dropbear/share/dropbear/meshes/rightleg/2020_150mm__1___1__1.stl
[1.013s] -- Up-to-date: /home/gateway/dropbear-humanoid-robot/dropbear/install/dropbear/share/dropbear/meshes/rightleg/heel-bracketleft_1.stl
[1.013s] -- Up-to-date: /home/gateway/dropbear-humanoid-robot/dropbear/install/dropbear/share/dropbear/meshes/rightleg/bearing-sensor-adapter_2.stl
[1.013s] -- Up-to-date: /home/gateway/dropbear-humanoid-robot/dropbear/install/dropbear/share/dropbear/meshes/rightleg/base_link.stl
[1.013s] -- Up-to-date: /home/gateway/dropbear-humanoid-robot/dropbear/install/dropbear/share/dropbear/meshes/rightleg/RMD-X10-S2_MIR4__3_Rotor_1.stl
[1.013s] -- Up-to-date: /home/gateway/dropbear-humanoid-robot/dropbear/install/dropbear/share/dropbear/meshes/rightleg/calf-skin_flip_1.stl
[1.014s] -- Up-to-date: /home/gateway/dropbear-humanoid-robot/dropbear/install/dropbear/share/dropbear/meshes/rightleg/2020_300mm__1__1.stl
[1.014s] -- Up-to-date: /home/gateway/dropbear-humanoid-robot/dropbear/install/dropbear/share/dropbear/meshes/rightleg/skateboard-bearing__15__1.stl
[1.014s] -- Up-to-date: /home/gateway/dropbear-humanoid-robot/dropbear/install/dropbear/share/dropbear/meshes/rightleg/hip-motor-bracket-v5-right_MIR_1.stl
[1.014s] -- Up-to-date: /home/gateway/dropbear-humanoid-robot/dropbear/install/dropbear/share/dropbear/meshes/rightleg/bearingstrap__1__1.stl
[1.014s] -- Up-to-date: /home/gateway/dropbear-humanoid-robot/dropbear/install/dropbear/share/dropbear/meshes/rightleg/skateboard-bearing__9__1.stl
[1.014s] -- Up-to-date: /home/gateway/dropbear-humanoid-robot/dropbear/install/dropbear/share/dropbear/meshes/rightleg/skateboard-bearing__19__1.stl
[1.014s] -- Up-to-date: /home/gateway/dropbear-humanoid-robot/dropbear/install/dropbear/share/dropbear/meshes/rightleg/knee-strap-second-test__1__1.stl
[1.014s] -- Up-to-date: /home/gateway/dropbear-humanoid-robot/dropbear/install/dropbear/share/dropbear/meshes/rightleg/heel-top_MIRleft_1.stl
[1.014s] -- Up-to-date: /home/gateway/dropbear-humanoid-robot/dropbear/install/dropbear/share/dropbear/meshes/rightleg/motor-calf-exal-mount_4.stl
[1.014s] -- Up-to-date: /home/gateway/dropbear-humanoid-robot/dropbear/install/dropbear/share/dropbear/meshes/rightleg/calf-skin_1.stl
[1.014s] -- Up-to-date: /home/gateway/dropbear-humanoid-robot/dropbear/install/dropbear/share/dropbear/meshes/rightleg/knee-strap-second-test_1.stl
[1.014s] -- Up-to-date: /home/gateway/dropbear-humanoid-robot/dropbear/install/dropbear/share/dropbear/meshes/rightleg/RMD-X10-S2_MIR4Rotor_1.stl
[1.014s] -- Up-to-date: /home/gateway/dropbear-humanoid-robot/dropbear/install/dropbear/share/dropbear/meshes/rightleg/ankle-side-bracket_1.stl
[1.014s] -- Up-to-date: /home/gateway/dropbear-humanoid-robot/dropbear/install/dropbear/share/dropbear/meshes/rightleg/leg-pitch-elastic__3__1.stl
[1.014s] -- Up-to-date: /home/gateway/dropbear-humanoid-robot/dropbear/install/dropbear/share/dropbear/meshes/rightleg/bearing-sensor-adapter-arm_1.stl
[1.014s] -- Up-to-date: /home/gateway/dropbear-humanoid-robot/dropbear/install/dropbear/share/dropbear/meshes/rightleg/ankle-thick_1.stl
[1.014s] -- Up-to-date: /home/gateway/dropbear-humanoid-robot/dropbear/install/dropbear/share/dropbear/meshes/rightleg/knee-bend-motor-bracket-hip_1.stl
[1.014s] -- Up-to-date: /home/gateway/dropbear-humanoid-robot/dropbear/install/dropbear/share/dropbear/meshes/rightleg/heel-topleft_1.stl
[1.015s] -- Up-to-date: /home/gateway/dropbear-humanoid-robot/dropbear/install/dropbear/share/dropbear/meshes/rightleg/RMD-X8-Pro_MIR8_MIR1_1.stl
[1.015s] -- Up-to-date: /home/gateway/dropbear-humanoid-robot/dropbear/install/dropbear/share/dropbear/meshes/rightleg/RMD-X10-S2_MIR4__3_Stator_1.stl
[1.015s] -- Up-to-date: /home/gateway/dropbear-humanoid-robot/dropbear/install/dropbear/share/dropbear/meshes/rightleg/skateboard-bearing__14__1.stl
[1.015s] -- Up-to-date: /home/gateway/dropbear-humanoid-robot/dropbear/install/dropbear/share/dropbear/meshes/rightleg/toes-rotor_1.stl
[1.015s] -- Up-to-date: /home/gateway/dropbear-humanoid-robot/dropbear/install/dropbear/share/dropbear/meshes/rightleg/leg-pitch-elastic__1__1.stl
[1.015s] -- Up-to-date: /home/gateway/dropbear-humanoid-robot/dropbear/install/dropbear/share/dropbear/meshes/rightleg/knee-bend-motor-bracket-hip__1__1.stl
[1.015s] -- Up-to-date: /home/gateway/dropbear-humanoid-robot/dropbear/install/dropbear/share/dropbear/meshes/rightleg/heel-connector_1.stl
[1.015s] -- Up-to-date: /home/gateway/dropbear-humanoid-robot/dropbear/install/dropbear/share/dropbear/meshes/rightleg/NO-NC_Bump_Switch_1.stl
[1.016s] -- Up-to-date: /home/gateway/dropbear-humanoid-robot/dropbear/install/dropbear/share/dropbear/meshes/rightleg/thigh-outer-encoder-mount__1__1.stl
[1.016s] -- Up-to-date: /home/gateway/dropbear-humanoid-robot/dropbear/install/dropbear/share/dropbear/meshes/rightleg/skateboard-bearing_1.stl
[1.016s] -- Up-to-date: /home/gateway/dropbear-humanoid-robot/dropbear/install/dropbear/share/dropbear/meshes/rightleg/motor-calf-exal-mount_2.stl
[1.016s] -- Up-to-date: /home/gateway/dropbear-humanoid-robot/dropbear/install/dropbear/share/dropbear/meshes/rightleg/leg-pitch-elastic_1.stl
[1.016s] -- Up-to-date: /home/gateway/dropbear-humanoid-robot/dropbear/install/dropbear/share/dropbear/meshes/rightleg/motorcap-KNEE_MIR_1.stl
[1.016s] -- Up-to-date: /home/gateway/dropbear-humanoid-robot/dropbear/install/dropbear/share/dropbear/meshes/rightleg/foot-imu-strap_1.stl
[1.016s] -- Up-to-date: /home/gateway/dropbear-humanoid-robot/dropbear/install/dropbear/share/dropbear/meshes/rightleg/6band__5__1.stl
[1.016s] -- Up-to-date: /home/gateway/dropbear-humanoid-robot/dropbear/install/dropbear/share/dropbear/meshes/rightleg/dumXrigid_1.stl
[1.016s] -- Up-to-date: /home/gateway/dropbear-humanoid-robot/dropbear/install/dropbear/share/dropbear/meshes/rightleg/calf-lower-bracket_1.stl
[1.016s] -- Up-to-date: /home/gateway/dropbear-humanoid-robot/dropbear/install/dropbear/share/dropbear/meshes/rightleg/2020_100mm__12__1.stl
[1.016s] -- Up-to-date: /home/gateway/dropbear-humanoid-robot/dropbear/install/dropbear/share/dropbear/meshes/rightleg/skateboard-bearing__10__1.stl
[1.016s] -- Up-to-date: /home/gateway/dropbear-humanoid-robot/dropbear/install/dropbear/share/dropbear/meshes/rightleg/2020_300mm__2__1.stl
[1.016s] -- Up-to-date: /home/gateway/dropbear-humanoid-robot/dropbear/install/dropbear/share/dropbear/meshes/rightleg/hip-motor-bracket-v5-right_MIR__1__1.stl
[1.016s] -- Up-to-date: /home/gateway/dropbear-humanoid-robot/dropbear/install/dropbear/share/dropbear/meshes/rightleg/bearing-sensor-adapter_1.stl
[1.016s] -- Up-to-date: /home/gateway/dropbear-humanoid-robot/dropbear/install/dropbear/share/dropbear/meshes/rightleg/new-heel-opposing_1.stl
[1.016s] -- Up-to-date: /home/gateway/dropbear-humanoid-robot/dropbear/install/dropbear/share/dropbear/meshes/rightleg/2020_150mm__6__1.stl
[1.017s] -- Up-to-date: /home/gateway/dropbear-humanoid-robot/dropbear/install/dropbear/share/dropbear/meshes/rightleg/calf-motor-driver-ext_2.stl
[1.017s] -- Up-to-date: /home/gateway/dropbear-humanoid-robot/dropbear/install/dropbear/share/dropbear/meshes/rightleg/mpu1_1.stl
[1.017s] -- Up-to-date: /home/gateway/dropbear-humanoid-robot/dropbear/install/dropbear/share/dropbear/meshes/rightleg/skateboard-bearing__11__1.stl
[1.017s] -- Up-to-date: /home/gateway/dropbear-humanoid-robot/dropbear/install/dropbear/share/dropbear/meshes/rightleg/toes_1.stl
[1.017s] -- Up-to-date: /home/gateway/dropbear-humanoid-robot/dropbear/install/dropbear/share/dropbear/meshes/rightleg/thigh-bracket_1.stl
[1.017s] -- Up-to-date: /home/gateway/dropbear-humanoid-robot/dropbear/install/dropbear/share/dropbear/meshes/rightleg/double-bracket_1.stl
[1.017s] -- Up-to-date: /home/gateway/dropbear-humanoid-robot/dropbear/install/dropbear/share/dropbear/meshes/rightleg/bearingstrap-inner-thigh_1.stl
[1.017s] -- Up-to-date: /home/gateway/dropbear-humanoid-robot/dropbear/install/dropbear/share/dropbear/meshes/rightleg/NO-NC_Bump_Switch__1__1.stl
[1.017s] -- Up-to-date: /home/gateway/dropbear-humanoid-robot/dropbear/install/dropbear/share/dropbear/meshes/rightleg/290mm-tie-rod_v1_1.stl
[1.017s] -- Up-to-date: /home/gateway/dropbear-humanoid-robot/dropbear/install/dropbear/share/dropbear/meshes/rightleg/skateboard-bearing__8__1.stl
[1.017s] -- Up-to-date: /home/gateway/dropbear-humanoid-robot/dropbear/install/dropbear/share/dropbear/meshes/rightleg/ankle-motor-driver-bracket_left_1.stl
[1.017s] -- Up-to-date: /home/gateway/dropbear-humanoid-robot/dropbear/install/dropbear/share/dropbear/meshes/rightleg/heel-roller_1.stl
[1.017s] -- Up-to-date: /home/gateway/dropbear-humanoid-robot/dropbear/install/dropbear/share/dropbear/meshes/rightleg/skateboard-bearing_left_2.stl
[1.018s] -- Up-to-date: /home/gateway/dropbear-humanoid-robot/dropbear/install/dropbear/share/dropbear/meshes/rightleg/calf-lower-bracket_left_1.stl
[1.018s] -- Up-to-date: /home/gateway/dropbear-humanoid-robot/dropbear/install/dropbear/share/dropbear/meshes/rightleg/skateboard-bearing__16__1.stl
[1.018s] -- Up-to-date: /home/gateway/dropbear-humanoid-robot/dropbear/install/dropbear/share/dropbear/meshes/rightleg/innner-thigh-magnet-encoder__1__1.stl
[1.018s] -- Up-to-date: /home/gateway/dropbear-humanoid-robot/dropbear/install/dropbear/share/dropbear/meshes/rightleg/skateboard-bearing__18__1.stl
[1.018s] -- Up-to-date: /home/gateway/dropbear-humanoid-robot/dropbear/install/dropbear/share/dropbear/meshes/rightleg/motor-calf-exal-mount_3.stl
[1.018s] -- Up-to-date: /home/gateway/dropbear-humanoid-robot/dropbear/install/dropbear/share/dropbear/meshes/rightleg/skateboard-bearing__17__1.stl
[1.018s] -- Up-to-date: /home/gateway/dropbear-humanoid-robot/dropbear/install/dropbear/share/dropbear/meshes/rightleg/skateboard-bearing__20__1.stl
[1.018s] -- Up-to-date: /home/gateway/dropbear-humanoid-robot/dropbear/install/dropbear/share/dropbear/meshes/rightleg/knee-lock-2-b_1.stl
[1.018s] -- Up-to-date: /home/gateway/dropbear-humanoid-robot/dropbear/install/dropbear/share/dropbear/meshes/rightleg/motor-calf-exal-mount_1.stl
[1.018s] -- Up-to-date: /home/gateway/dropbear-humanoid-robot/dropbear/install/dropbear/share/dropbear/meshes/rightleg/skateboard-bearing__13__1.stl
[1.018s] -- Up-to-date: /home/gateway/dropbear-humanoid-robot/dropbear/install/dropbear/share/dropbear/meshes/rightleg/flank-front-flipped_1.stl
[1.018s] -- Up-to-date: /home/gateway/dropbear-humanoid-robot/dropbear/install/dropbear/share/dropbear/meshes/rightleg/wire-clip_1.stl
[1.018s] -- Up-to-date: /home/gateway/dropbear-humanoid-robot/dropbear/install/dropbear/share/dropbear/meshes/rightleg/calf-cover_2.stl
[1.019s] -- Up-to-date: /home/gateway/dropbear-humanoid-robot/dropbear/install/dropbear/share/dropbear/meshes/rightleg/bearing-sensor-adapter-arm_2.stl
[1.019s] -- Up-to-date: /home/gateway/dropbear-humanoid-robot/dropbear/install/dropbear/share/dropbear/meshes/rightleg/leg-pitch-elastic__2__1.stl
[1.019s] -- Up-to-date: /home/gateway/dropbear-humanoid-robot/dropbear/install/dropbear/share/dropbear/meshes/rightleg/conjstraint-knee-test-oute_MIR_1.stl
[1.019s] -- Up-to-date: /home/gateway/dropbear-humanoid-robot/dropbear/install/dropbear/share/dropbear/meshes/rightleg/400mmexal_MIR2_MIR3_1.stl
[1.019s] -- Up-to-date: /home/gateway/dropbear-humanoid-robot/dropbear/install/dropbear/share/dropbear/meshes/rightleg/ankle-motor-driver-bracketleft_1.stl
[1.019s] -- Up-to-date: /home/gateway/dropbear-humanoid-robot/dropbear/install/dropbear/share/dropbear/meshes/rightleg/foot-top_1.stl
[1.019s] -- Up-to-date: /home/gateway/dropbear-humanoid-robot/dropbear/install/dropbear/share/dropbear/meshes/rightleg/hip-ex-al-base_MIR_1.stl
[1.019s] -- Up-to-date: /home/gateway/dropbear-humanoid-robot/dropbear/install/dropbear/share/dropbear/meshes/rightleg/multiplex-stack_1.stl
[1.019s] -- Up-to-date: /home/gateway/dropbear-humanoid-robot/dropbear/install/dropbear/share/dropbear/meshes/rightleg/tie-rod-ankle-brackket_left_1.stl
[1.019s] -- Up-to-date: /home/gateway/dropbear-humanoid-robot/dropbear/install/dropbear/share/dropbear/rviz
[1.019s] -- Up-to-date: /home/gateway/dropbear-humanoid-robot/dropbear/install/dropbear/share/dropbear/rviz/dropbear_detailed_urdf_rviz.rviz
[1.019s] -- Up-to-date: /home/gateway/dropbear-humanoid-robot/dropbear/install/dropbear/share/dropbear/rviz/dropbear_rviz.rviz
[1.019s] -- Up-to-date: /home/gateway/dropbear-humanoid-robot/dropbear/install/dropbear/share/dropbear/urdf
[1.019s] -- Up-to-date: /home/gateway/dropbear-humanoid-robot/dropbear/install/dropbear/share/dropbear/urdf/rviz
[1.020s] -- Up-to-date: /home/gateway/dropbear-humanoid-robot/dropbear/install/dropbear/share/dropbear/urdf/rviz/arm.xacro
[1.020s] -- Up-to-date: /home/gateway/dropbear-humanoid-robot/dropbear/install/dropbear/share/dropbear/urdf/rviz/leg.xacro
[1.020s] -- Up-to-date: /home/gateway/dropbear-humanoid-robot/dropbear/install/dropbear/share/dropbear/urdf/rviz/pelvicgirdle.xacro
[1.020s] -- Up-to-date: /home/gateway/dropbear-humanoid-robot/dropbear/install/dropbear/share/dropbear/urdf/rviz/dropbear.urdf.xacro
[1.020s] -- Up-to-date: /home/gateway/dropbear-humanoid-robot/dropbear/install/dropbear/share/dropbear/urdf/rviz/head.xacro
[1.020s] -- Up-to-date: /home/gateway/dropbear-humanoid-robot/dropbear/install/dropbear/share/dropbear/urdf/rviz/battery.xacro
[1.020s] -- Up-to-date: /home/gateway/dropbear-humanoid-robot/dropbear/install/dropbear/share/dropbear/urdf/rviz/torso.xacro
[1.020s] -- Up-to-date: /home/gateway/dropbear-humanoid-robot/dropbear/install/dropbear/share/dropbear/urdf/materials.xacro
[1.020s] -- Up-to-date: /home/gateway/dropbear-humanoid-robot/dropbear/install/dropbear/share/dropbear/urdf/ros2_control
[1.026s] -- Up-to-date: /home/gateway/dropbear-humanoid-robot/dropbear/install/dropbear/share/dropbear/urdf/ros2_control/leg.ros2_control.xacro
[1.026s] -- Up-to-date: /home/gateway/dropbear-humanoid-robot/dropbear/install/dropbear/share/dropbear/urdf/ros2_control/dropbear.macro.xacro
[1.026s] -- Up-to-date: /home/gateway/dropbear-humanoid-robot/dropbear/install/dropbear/share/dropbear/urdf/ros2_control/stewart_platform.ros2_control.xacro
[1.026s] -- Up-to-date: /home/gateway/dropbear-humanoid-robot/dropbear/install/dropbear/share/dropbear/urdf/ros2_control/dropbear.ros2_control.xacro
[1.026s] -- Up-to-date: /home/gateway/dropbear-humanoid-robot/dropbear/install/dropbear/share/dropbear/urdf/ros2_control/arm.ros2_control.xacro
[1.026s] -- Up-to-date: /home/gateway/dropbear-humanoid-robot/dropbear/install/dropbear/share/dropbear/urdf/ros2_control/pelvicgirdle.ros2_control.xacro
[1.026s] -- Up-to-date: /home/gateway/dropbear-humanoid-robot/dropbear/install/dropbear/share/dropbear/urdf/gazebo
[1.030s] -- Up-to-date: /home/gateway/dropbear-humanoid-robot/dropbear/install/dropbear/share/dropbear/urdf/gazebo/arm.xacro
[1.030s] -- Up-to-date: /home/gateway/dropbear-humanoid-robot/dropbear/install/dropbear/share/dropbear/urdf/gazebo/leg.xacro
[1.030s] -- Up-to-date: /home/gateway/dropbear-humanoid-robot/dropbear/install/dropbear/share/dropbear/urdf/gazebo/pelvicgirdle.xacro
[1.031s] -- Up-to-date: /home/gateway/dropbear-humanoid-robot/dropbear/install/dropbear/share/dropbear/urdf/gazebo/dropbear_gz.urdf.xacro
[1.031s] -- Installing: /home/gateway/dropbear-humanoid-robot/dropbear/install/dropbear/share/dropbear/urdf/gazebo/dropbear.sdf
[1.031s] -- Up-to-date: /home/gateway/dropbear-humanoid-robot/dropbear/install/dropbear/share/dropbear/urdf/gazebo/head.xacro
[1.031s] -- Installing: /home/gateway/dropbear-humanoid-robot/dropbear/install/dropbear/share/dropbear/urdf/gazebo/dropbear_gz.urdf
[1.032s] -- Up-to-date: /home/gateway/dropbear-humanoid-robot/dropbear/install/dropbear/share/dropbear/urdf/gazebo/battery.xacro
[1.033s] -- Up-to-date: /home/gateway/dropbear-humanoid-robot/dropbear/install/dropbear/share/dropbear/urdf/gazebo/p.xacro
[1.033s] -- Up-to-date: /home/gateway/dropbear-humanoid-robot/dropbear/install/dropbear/share/dropbear/urdf/gazebo/torso.xacro
[1.033s] -- Up-to-date: /home/gateway/dropbear-humanoid-robot/dropbear/install/dropbear/share/dropbear/config
[1.037s] -- Up-to-date: /home/gateway/dropbear-humanoid-robot/dropbear/install/dropbear/share/dropbear/config/controllers.yaml
[1.050s] -- Up-to-date: /home/gateway/dropbear-humanoid-robot/dropbear/install/dropbear/share/ament_index/resource_index/package_run_dependencies/dropbear
[1.056s] -- Up-to-date: /home/gateway/dropbear-humanoid-robot/dropbear/install/dropbear/share/ament_index/resource_index/parent_prefix_path/dropbear
[1.061s] -- Up-to-date: /home/gateway/dropbear-humanoid-robot/dropbear/install/dropbear/share/dropbear/environment/ament_prefix_path.sh
[1.061s] -- Up-to-date: /home/gateway/dropbear-humanoid-robot/dropbear/install/dropbear/share/dropbear/environment/ament_prefix_path.dsv
[1.061s] -- Up-to-date: /home/gateway/dropbear-humanoid-robot/dropbear/install/dropbear/share/dropbear/environment/path.sh
[1.061s] -- Up-to-date: /home/gateway/dropbear-humanoid-robot/dropbear/install/dropbear/share/dropbear/environment/path.dsv
[1.062s] -- Up-to-date: /home/gateway/dropbear-humanoid-robot/dropbear/install/dropbear/share/dropbear/local_setup.bash
[1.062s] -- Up-to-date: /home/gateway/dropbear-humanoid-robot/dropbear/install/dropbear/share/dropbear/local_setup.sh
[1.063s] -- Up-to-date: /home/gateway/dropbear-humanoid-robot/dropbear/install/dropbear/share/dropbear/local_setup.zsh
[1.063s] -- Up-to-date: /home/gateway/dropbear-humanoid-robot/dropbear/install/dropbear/share/dropbear/local_setup.dsv
[1.063s] -- Installing: /home/gateway/dropbear-humanoid-robot/dropbear/install/dropbear/share/dropbear/package.dsv
[1.071s] -- Up-to-date: /home/gateway/dropbear-humanoid-robot/dropbear/install/dropbear/share/ament_index/resource_index/packages/dropbear
[1.076s] -- Up-to-date: /home/gateway/dropbear-humanoid-robot/dropbear/install/dropbear/share/dropbear/cmake/dropbearConfig.cmake
[1.076s] -- Up-to-date: /home/gateway/dropbear-humanoid-robot/dropbear/install/dropbear/share/dropbear/cmake/dropbearConfig-version.cmake
[1.076s] -- Up-to-date: /home/gateway/dropbear-humanoid-robot/dropbear/install/dropbear/share/dropbear/package.xml
[1.079s] Invoked command in '/home/gateway/dropbear-humanoid-robot/dropbear/build/dropbear' returned '0': CMAKE_PREFIX_PATH=/opt/ros/humble CONDA_PROMPT_MODIFIER=(ros) /usr/bin/cmake --install /home/gateway/dropbear-humanoid-robot/dropbear/build/dropbear
